Using pre-set license
Desktop is 2732 x 768 @ 60 Hz

 COMMAND LINE ARGUMENTS:
Unity
-adb2
-batchMode
-noUpm
-name
AssetImportWorker0
-projectPath
/home/desarrolla/Documentos/Santo Tomas/UNITY/CLASE/Prueba/eval_3
-logFile
Logs/AssetImportWorker0.log
-srvPort
33649
Successfully changed project path to: /home/desarrolla/Documentos/Santo Tomas/UNITY/CLASE/Prueba/eval_3
/home/desarrolla/Documentos/Santo Tomas/UNITY/CLASE/Prueba/eval_3
Using Asset Import Pipeline V2.
Refreshing native plugins compatible for Editor in 29,26 ms, found 0 plugins.
Preloading 0 native plugins for Editor in 0,00 ms.
Initialize engine version: 2020.3.1f1 (77a89f25062f)
[Subsystems] Discovering subsystems at path /home/desarrolla/Documentos/Santo Tomas/UNITY/2020.3.1f1/Editor/Data/Resources/UnitySubsystems
[Subsystems] Discovering subsystems at path /home/desarrolla/Documentos/Santo Tomas/UNITY/CLASE/Prueba/eval_3/Assets
GLX Extensions: GLX_ARB_create_context GLX_ARB_create_context_no_error GLX_ARB_create_context_profile GLX_ARB_create_context_robustness GLX_ARB_fbconfig_float GLX_ARB_framebuffer_sRGB GLX_ARB_get_proc_address GLX_ARB_multisample GLX_EXT_buffer_age GLX_EXT_create_context_es2_profile GLX_EXT_create_context_es_profile GLX_EXT_fbconfig_packed_float GLX_EXT_framebuffer_sRGB GLX_EXT_import_context GLX_EXT_texture_from_pixmap GLX_EXT_visual_info GLX_EXT_visual_rating GLX_INTEL_swap_event GLX_MESA_copy_sub_buffer GLX_MESA_query_renderer GLX_MESA_swap_control GLX_OML_swap_method GLX_OML_sync_control GLX_SGIS_multisample GLX_SGIX_fbconfig GLX_SGIX_pbuffer GLX_SGIX_visual_select_group GLX_SGI_make_current_read GLX_SGI_swap_control GLX_SGI_video_sync 
Renderer: Mesa Intel(R) UHD Graphics 620 (KBL GT2)
Vendor:   Intel
Version:  4.6 (Core Profile) Mesa 20.2.6
GLES:     0
 GL_3DFX_texture_compression_FXT1 GL_AMD_conservative_depth GL_AMD_depth_clamp_separate GL_AMD_draw_buffers_blend GL_AMD_gpu_shader_int64 GL_AMD_multi_draw_indirect GL_AMD_performance_monitor GL_AMD_pinned_memory GL_AMD_query_buffer_object GL_AMD_seamless_cubemap_per_texture GL_AMD_shader_stencil_export GL_AMD_shader_trinary_minmax GL_AMD_texture_texture4 GL_AMD_vertex_shader_layer GL_AMD_vertex_shader_viewport_index GL_ANGLE_texture_compression_dxt3 GL_ANGLE_texture_compression_dxt5 GL_ARB_ES2_compatibility GL_ARB_ES3_1_compatibility GL_ARB_ES3_2_compatibility GL_ARB_ES3_compatibility GL_ARB_arrays_of_arrays GL_ARB_base_instance GL_ARB_blend_func_extended GL_ARB_buffer_storage GL_ARB_clear_buffer_object GL_ARB_clear_texture GL_ARB_clip_control GL_ARB_compressed_texture_pixel_storage GL_ARB_compute_shader GL_ARB_compute_variable_group_size GL_ARB_conditional_render_inverted GL_ARB_conservative_depth GL_ARB_copy_buffer GL_ARB_copy_image GL_ARB_cull_distance GL_ARB_debug_output GL_ARB_depth_buffer_float GL_ARB
_depth_clamp GL_ARB_derivative_control GL_ARB_direct_state_access GL_ARB_draw_buffers GL_ARB_draw_buffers_blend GL_ARB_draw_elements_base_vertex GL_ARB_draw_indirect GL_ARB_draw_instanced GL_ARB_enhanced_layouts GL_ARB_explicit_attrib_location GL_ARB_explicit_uniform_location GL_ARB_fragment_coord_conventions GL_ARB_fragment_layer_viewport GL_ARB_fragment_shader GL_ARB_fragment_shader_interlock GL_ARB_framebuffer_no_attachments GL_ARB_framebuffer_object GL_ARB_framebuffer_sRGB GL_ARB_get_program_binary GL_ARB_get_texture_sub_image GL_ARB_gl_spirv GL_ARB_gpu_shader5 GL_ARB_gpu_shader_fp64 GL_ARB_gpu_shader_int64 GL_ARB_half_float_pixel GL_ARB_half_float_vertex GL_ARB_indirect_parameters GL_ARB_instanced_arrays GL_ARB_internalformat_query GL_ARB_internalformat_query2 GL_ARB_invalidate_subdata GL_ARB_map_buffer_alignment GL_ARB_map_buffer_range GL_ARB_multi_bind GL_ARB_multi_draw_indirect GL_ARB_occlusion_query2 GL_ARB_parallel_shader_compile GL_ARB_pipeline_statistics_query GL_ARB_pixel_buffer_object GL_ARB_po
int_sprite GL_ARB_polygon_offset_clamp GL_ARB_post_depth_coverage GL_ARB_program_interface_query GL_ARB_provoking_vertex GL_ARB_query_buffer_object GL_ARB_robust_buffer_access_behavior GL_ARB_robustness GL_ARB_sample_shading GL_ARB_sampler_objects GL_ARB_seamless_cube_map GL_ARB_seamless_cubemap_per_texture GL_ARB_separate_shader_objects GL_ARB_shader_atomic_counter_ops GL_ARB_shader_atomic_counters GL_ARB_shader_ballot GL_ARB_shader_bit_encoding GL_ARB_shader_clock GL_ARB_shader_draw_parameters GL_ARB_shader_group_vote GL_ARB_shader_image_load_store GL_ARB_shader_image_size GL_ARB_shader_objects GL_ARB_shader_precision GL_ARB_shader_stencil_export GL_ARB_shader_storage_buffer_object GL_ARB_shader_subroutine GL_ARB_shader_texture_image_samples GL_ARB_shader_texture_lod GL_ARB_shader_viewport_layer_array GL_ARB_shading_language_420pack GL_ARB_shading_language_include GL_ARB_shading_language_packing GL_ARB_spirv_extensions GL_ARB_stencil_texturing GL_ARB_sync GL_ARB_tessellation_shader GL_ARB_texture_barrier G
L_ARB_texture_buffer_object GL_ARB_texture_buffer_object_rgb32 GL_ARB_texture_buffer_range GL_ARB_texture_compression_bptc GL_ARB_texture_compression_rgtc GL_ARB_texture_cube_map_array GL_ARB_texture_filter_anisotropic GL_ARB_texture_float GL_ARB_texture_gather GL_ARB_texture_mirror_clamp_to_edge GL_ARB_texture_multisample GL_ARB_texture_non_power_of_two GL_ARB_texture_query_levels GL_ARB_texture_query_lod GL_ARB_texture_rectangle GL_ARB_texture_rg GL_ARB_texture_rgb10_a2ui GL_ARB_texture_stencil8 GL_ARB_texture_storage GL_ARB_texture_storage_multisample GL_ARB_texture_swizzle GL_ARB_texture_view GL_ARB_timer_query GL_ARB_transform_feedback2 GL_ARB_transform_feedback3 GL_ARB_transform_feedback_instanced GL_ARB_transform_feedback_overflow_query GL_ARB_uniform_buffer_object GL_ARB_vertex_array_bgra GL_ARB_vertex_array_object GL_ARB_vertex_attrib_64bit GL_ARB_vertex_attrib_binding GL_ARB_vertex_buffer_object GL_ARB_vertex_shader GL_ARB_vertex_type_10f_11f_11f_rev GL_ARB_vertex_type_2_10_10_10_rev GL_ARB_viewpor
t_array GL_ATI_blend_equation_separate GL_ATI_texture_float GL_EXT_EGL_image_storage GL_EXT_EGL_sync GL_EXT_abgr GL_EXT_blend_equation_separate GL_EXT_demote_to_helper_invocation GL_EXT_draw_buffers2 GL_EXT_draw_instanced GL_EXT_framebuffer_blit GL_EXT_framebuffer_multisample GL_EXT_framebuffer_multisample_blit_scaled GL_EXT_framebuffer_object GL_EXT_framebuffer_sRGB GL_EXT_packed_depth_stencil GL_EXT_packed_float GL_EXT_pixel_buffer_object GL_EXT_polygon_offset_clamp GL_EXT_provoking_vertex GL_EXT_shader_framebuffer_fetch GL_EXT_shader_framebuffer_fetch_non_coherent GL_EXT_shader_integer_mix GL_EXT_shader_samples_identical GL_EXT_texture_array GL_EXT_texture_compression_dxt1 GL_EXT_texture_compression_rgtc GL_EXT_texture_compression_s3tc GL_EXT_texture_filter_anisotropic GL_EXT_texture_integer GL_EXT_texture_sRGB GL_EXT_texture_sRGB_R8 GL_EXT_texture_sRGB_decode GL_EXT_texture_shadow_lod GL_EXT_texture_shared_exponent GL_EXT_texture_snorm GL_EXT_texture_swizzle GL_EXT_timer_query GL_EXT_transform_feedback G
L_EXT_vertex_array_bgra GL_EXT_vertex_attrib_64bit GL_IBM_multimode_draw_arrays GL_INTEL_blackhole_render GL_INTEL_conservative_rasterization GL_INTEL_performance_query GL_INTEL_shader_atomic_float_minmax GL_INTEL_shader_integer_functions2 GL_KHR_blend_equation_advanced GL_KHR_blend_equation_advanced_coherent GL_KHR_context_flush_control GL_KHR_debug GL_KHR_no_error GL_KHR_parallel_shader_compile GL_KHR_robust_buffer_access_behavior GL_KHR_robustness GL_KHR_texture_compression_astc_ldr GL_KHR_texture_compression_astc_sliced_3d GL_MESA_framebuffer_flip_y GL_MESA_pack_invert GL_MESA_shader_integer_functions GL_MESA_texture_signed_rgba GL_NV_compute_shader_derivatives GL_NV_conditional_render GL_NV_copy_image GL_NV_depth_clamp GL_NV_fragment_shader_interlock GL_NV_packed_depth_stencil GL_NV_texture_barrier GL_OES_EGL_image GL_S3_s3tc
OPENGL LOG: Creating OpenGL 4.6 graphics device ; Context level  <OpenGL 4.5> ; Context handle -1673526464
Initialize mono
Mono path[0] = '/home/desarrolla/Documentos/Santo Tomas/UNITY/2020.3.1f1/Editor/Data/Managed'
Mono path[1] = '/home/desarrolla/Documentos/Santo Tomas/UNITY/2020.3.1f1/Editor/Data/MonoBleedingEdge/lib/mono/unityjit'
Mono config path = '/home/desarrolla/Documentos/Santo Tomas/UNITY/2020.3.1f1/Editor/Data/MonoBleedingEdge/etc'
Using monoOptions --debugger-agent=transport=dt_socket,embedding=1,server=y,suspend=n,address=127.0.0.1:56078
Begin MonoManager ReloadAssembly
Registering precompiled unity dll's ...
Register platform support module: /home/desarrolla/Documentos/Santo Tomas/UNITY/2020.3.1f1/Editor/Data/PlaybackEngines/LinuxStandaloneSupport/UnityEditor.LinuxStandalone.Extensions.dll
Registered in 0,001505 seconds.
Native extension for LinuxStandalone target not found
Refreshing native plugins compatible for Editor in 25,29 ms, found 0 plugins.
Preloading 0 native plugins for Editor in 0,00 ms.
Invoked RoslynAnalysisRunner static constructor.
RoslynAnalysisRunner will not be running.
RoslynAnalysisRunner has terminated.
Mono: successfully reloaded assembly
- Completed reload, in  1,772 seconds
Platform modules already initialized, skipping
Registering precompiled user dll's ...
Registered in 0,000605 seconds.
Begin MonoManager ReloadAssembly
Native extension for LinuxStandalone target not found
Refreshing native plugins compatible for Editor in 0,22 ms, found 0 plugins.
Preloading 0 native plugins for Editor in 0,00 ms.
Invoked RoslynAnalysisRunner static constructor.
RoslynAnalysisRunner will not be running.
RoslynAnalysisRunner has terminated.
Mono: successfully reloaded assembly
- Completed reload, in  0,797 seconds
Platform modules already initialized, skipping
========================================================================
Worker process is ready to serve import requests
Launched and connected shader compiler UnityShaderCompiler after 0.01 seconds
Refreshing native plugins compatible for Editor in 0,23 ms, found 0 plugins.
Preloading 0 native plugins for Editor in 0,00 ms.
Unloading 1114 Unused Serialized files (Serialized files now loaded: 0)
System memory in use before: 51,2 MB.
System memory in use after: 51,3 MB.

Unloading 10 unused Assets to reduce memory usage. Loaded Objects now: 1556.
Total: 2,630670 ms (FindLiveObjects: 0,175998 ms CreateObjectMapping: 0,053322 ms MarkObjects: 2,263510 ms  DeleteObjects: 0,136589 ms)

========================================================================
Received Import Request.
  path: Assets/Materiales/New Material 1.mat
  artifactKey: Guid(63dfb6b6bd9a3dc77ad81edeb1844618) Importer(815301076,1909f56bfc062723c751e8b465ee728b)
Start importing Assets/Materiales/New Material 1.mat using Guid(63dfb6b6bd9a3dc77ad81edeb1844618) Importer(815301076,1909f56bfc062723c751e8b465ee728b)  -> (artifact id: '0364e6cebad4c28d9291c53538e2e1ee') in 0,090335 seconds
  Import took 0,092685 seconds .

========================================================================
Received Import Request.
  Time since last request: 0,000309 seconds.
  path: Assets/Materiales/New Material 2.mat
  artifactKey: Guid(d4e103cba3d21174abd2b199182cf52f) Importer(815301076,1909f56bfc062723c751e8b465ee728b)
Start importing Assets/Materiales/New Material 2.mat using Guid(d4e103cba3d21174abd2b199182cf52f) Importer(815301076,1909f56bfc062723c751e8b465ee728b)  -> (artifact id: '80f4f81530e9af469bb46fe566a47fd3') in 0,006661 seconds
  Import took 0,008725 seconds .

========================================================================
Received Import Request.
  Time since last request: 0,000260 seconds.
  path: Assets/Materiales/New Material 1.mat
  artifactKey: Guid(63dfb6b6bd9a3dc77ad81edeb1844618) Importer(815301076,1909f56bfc062723c751e8b465ee728b)
Start importing Assets/Materiales/New Material 1.mat using Guid(63dfb6b6bd9a3dc77ad81edeb1844618) Importer(815301076,1909f56bfc062723c751e8b465ee728b)  -> (artifact id: '0364e6cebad4c28d9291c53538e2e1ee') in 0,006324 seconds
  Import took 0,008362 seconds .

========================================================================
Received Import Request.
  Time since last request: 0,004101 seconds.
  path: Assets/Materiales/New Material 2.mat
  artifactKey: Guid(d4e103cba3d21174abd2b199182cf52f) Importer(815301076,1909f56bfc062723c751e8b465ee728b)
Start importing Assets/Materiales/New Material 2.mat using Guid(d4e103cba3d21174abd2b199182cf52f) Importer(815301076,1909f56bfc062723c751e8b465ee728b)  -> (artifact id: '80f4f81530e9af469bb46fe566a47fd3') in 0,006742 seconds
  Import took 0,009020 seconds .

========================================================================
Received Import Request.
  Time since last request: 93,623523 seconds.
  path: Assets/Materiales/New Material 3.mat
  artifactKey: Guid(c6fc804f9a8ab42879152e636f9336c9) Importer(815301076,1909f56bfc062723c751e8b465ee728b)
Start importing Assets/Materiales/New Material 3.mat using Guid(c6fc804f9a8ab42879152e636f9336c9) Importer(815301076,1909f56bfc062723c751e8b465ee728b)  -> (artifact id: 'ddc85adda8e6190bf3b57f46670fec07') in 0,010568 seconds
  Import took 0,012615 seconds .

========================================================================
Received Prepare
Registering precompiled user dll's ...
Registered in 0,000776 seconds.
Begin MonoManager ReloadAssembly
Native extension for LinuxStandalone target not found
Refreshing native plugins compatible for Editor in 0,25 ms, found 0 plugins.
Preloading 0 native plugins for Editor in 0,00 ms.
Invoked RoslynAnalysisRunner static constructor.
RoslynAnalysisRunner will not be running.
RoslynAnalysisRunner has terminated.
Mono: successfully reloaded assembly
- Completed reload, in  1,070 seconds
Platform modules already initialized, skipping
Refreshing native plugins compatible for Editor in 0,51 ms, found 0 plugins.
Preloading 0 native plugins for Editor in 0,00 ms.
Unloading 1109 Unused Serialized files (Serialized files now loaded: 0)
System memory in use before: 52,8 MB.
System memory in use after: 52,9 MB.

Unloading 5 unused Assets to reduce memory usage. Loaded Objects now: 1599.
Total: 2,779841 ms (FindLiveObjects: 0,364356 ms CreateObjectMapping: 0,079426 ms MarkObjects: 2,248934 ms  DeleteObjects: 0,085182 ms)

========================================================================
Received Import Request.
  Time since last request: 135,767403 seconds.
  path: Assets/Prefabs/Bala.prefab
  artifactKey: Guid(4632fd5d27270e72492dd0feeb846537) Importer(815301076,1909f56bfc062723c751e8b465ee728b)
Start importing Assets/Prefabs/Bala.prefab using Guid(4632fd5d27270e72492dd0feeb846537) Importer(815301076,1909f56bfc062723c751e8b465ee728b)  -> (artifact id: 'a5dce91489f04da42a05bd7e29ff953c') in 0,063999 seconds
  Import took 0,067422 seconds .

========================================================================
Received Import Request.
  Time since last request: 0,000407 seconds.
  path: Assets/Prefabs/Bala.prefab
  artifactKey: Guid(4632fd5d27270e72492dd0feeb846537) Importer(815301076,1909f56bfc062723c751e8b465ee728b)
Start importing Assets/Prefabs/Bala.prefab using Guid(4632fd5d27270e72492dd0feeb846537) Importer(815301076,1909f56bfc062723c751e8b465ee728b)  -> (artifact id: 'a5dce91489f04da42a05bd7e29ff953c') in 0,006015 seconds
  Import took 0,007867 seconds .

========================================================================
Received Prepare
Registering precompiled user dll's ...
Registered in 0,000539 seconds.
Begin MonoManager ReloadAssembly
Native extension for LinuxStandalone target not found
Refreshing native plugins compatible for Editor in 0,21 ms, found 0 plugins.
Preloading 0 native plugins for Editor in 0,00 ms.
Invoked RoslynAnalysisRunner static constructor.
RoslynAnalysisRunner will not be running.
RoslynAnalysisRunner has terminated.
Mono: successfully reloaded assembly
- Completed reload, in  0,780 seconds
Platform modules already initialized, skipping
Refreshing native plugins compatible for Editor in 0,20 ms, found 0 plugins.
Preloading 0 native plugins for Editor in 0,00 ms.
Unloading 1109 Unused Serialized files (Serialized files now loaded: 0)
System memory in use before: 52,9 MB.
System memory in use after: 52,9 MB.

Unloading 5 unused Assets to reduce memory usage. Loaded Objects now: 1604.
Total: 2,291046 ms (FindLiveObjects: 0,158073 ms CreateObjectMapping: 0,034427 ms MarkObjects: 2,044737 ms  DeleteObjects: 0,051982 ms)

========================================================================
Received Prepare
Registering precompiled user dll's ...
Registered in 0,000503 seconds.
Begin MonoManager ReloadAssembly
Native extension for LinuxStandalone target not found
Refreshing native plugins compatible for Editor in 0,20 ms, found 0 plugins.
Preloading 0 native plugins for Editor in 0,00 ms.
Invoked RoslynAnalysisRunner static constructor.
RoslynAnalysisRunner will not be running.
RoslynAnalysisRunner has terminated.
Mono: successfully reloaded assembly
- Completed reload, in  0,743 seconds
Platform modules already initialized, skipping
Refreshing native plugins compatible for Editor in 0,32 ms, found 0 plugins.
Preloading 0 native plugins for Editor in 0,00 ms.
Unloading 1109 Unused Serialized files (Serialized files now loaded: 0)
System memory in use before: 52,9 MB.
System memory in use after: 53,0 MB.

Unloading 5 unused Assets to reduce memory usage. Loaded Objects now: 1607.
Total: 2,460919 ms (FindLiveObjects: 0,176845 ms CreateObjectMapping: 0,061599 ms MarkObjects: 2,170462 ms  DeleteObjects: 0,050205 ms)

========================================================================
Received Prepare
Registering precompiled user dll's ...
Registered in 0,000559 seconds.
Begin MonoManager ReloadAssembly
Native extension for LinuxStandalone target not found
Refreshing native plugins compatible for Editor in 0,22 ms, found 0 plugins.
Preloading 0 native plugins for Editor in 0,00 ms.
Invoked RoslynAnalysisRunner static constructor.
RoslynAnalysisRunner will not be running.
RoslynAnalysisRunner has terminated.
Mono: successfully reloaded assembly
- Completed reload, in  0,745 seconds
Platform modules already initialized, skipping
Refreshing native plugins compatible for Editor in 0,21 ms, found 0 plugins.
Preloading 0 native plugins for Editor in 0,00 ms.
Unloading 1109 Unused Serialized files (Serialized files now loaded: 0)
System memory in use before: 52,9 MB.
System memory in use after: 53,0 MB.

Unloading 5 unused Assets to reduce memory usage. Loaded Objects now: 1610.
Total: 5,470641 ms (FindLiveObjects: 0,400019 ms CreateObjectMapping: 0,126641 ms MarkObjects: 4,844453 ms  DeleteObjects: 0,095723 ms)

========================================================================
Received Prepare
Registering precompiled user dll's ...
Registered in 0,000515 seconds.
Begin MonoManager ReloadAssembly
Native extension for LinuxStandalone target not found
Refreshing native plugins compatible for Editor in 0,20 ms, found 0 plugins.
Preloading 0 native plugins for Editor in 0,00 ms.
Invoked RoslynAnalysisRunner static constructor.
RoslynAnalysisRunner will not be running.
RoslynAnalysisRunner has terminated.
Mono: successfully reloaded assembly
- Completed reload, in  0,754 seconds
Platform modules already initialized, skipping
Refreshing native plugins compatible for Editor in 0,20 ms, found 0 plugins.
Preloading 0 native plugins for Editor in 0,00 ms.
Unloading 1109 Unused Serialized files (Serialized files now loaded: 0)
System memory in use before: 52,9 MB.
System memory in use after: 53,0 MB.

Unloading 5 unused Assets to reduce memory usage. Loaded Objects now: 1613.
Total: 2,387525 ms (FindLiveObjects: 0,164780 ms CreateObjectMapping: 0,038468 ms MarkObjects: 2,127707 ms  DeleteObjects: 0,055228 ms)

========================================================================
Received Prepare
Registering precompiled user dll's ...
Registered in 0,000505 seconds.
Begin MonoManager ReloadAssembly
Native extension for LinuxStandalone target not found
Refreshing native plugins compatible for Editor in 0,25 ms, found 0 plugins.
Preloading 0 native plugins for Editor in 0,00 ms.
Invoked RoslynAnalysisRunner static constructor.
RoslynAnalysisRunner will not be running.
RoslynAnalysisRunner has terminated.
Mono: successfully reloaded assembly
- Completed reload, in  0,807 seconds
Platform modules already initialized, skipping
Refreshing native plugins compatible for Editor in 0,22 ms, found 0 plugins.
Preloading 0 native plugins for Editor in 0,00 ms.
Unloading 1109 Unused Serialized files (Serialized files now loaded: 0)
System memory in use before: 52,9 MB.
System memory in use after: 53,0 MB.

Unloading 5 unused Assets to reduce memory usage. Loaded Objects now: 1616.
Total: 2,219688 ms (FindLiveObjects: 0,162131 ms CreateObjectMapping: 0,037623 ms MarkObjects: 1,968923 ms  DeleteObjects: 0,049371 ms)

========================================================================
Received Prepare
Registering precompiled user dll's ...
Registered in 0,000511 seconds.
Begin MonoManager ReloadAssembly
Native extension for LinuxStandalone target not found
Refreshing native plugins compatible for Editor in 0,23 ms, found 0 plugins.
Preloading 0 native plugins for Editor in 0,00 ms.
Invoked RoslynAnalysisRunner static constructor.
RoslynAnalysisRunner will not be running.
RoslynAnalysisRunner has terminated.
Mono: successfully reloaded assembly
- Completed reload, in  0,814 seconds
Platform modules already initialized, skipping
Refreshing native plugins compatible for Editor in 0,19 ms, found 0 plugins.
Preloading 0 native plugins for Editor in 0,00 ms.
Unloading 1109 Unused Serialized files (Serialized files now loaded: 0)
System memory in use before: 52,9 MB.
System memory in use after: 53,0 MB.

Unloading 5 unused Assets to reduce memory usage. Loaded Objects now: 1619.
Total: 2,274802 ms (FindLiveObjects: 0,147253 ms CreateObjectMapping: 0,035428 ms MarkObjects: 2,037392 ms  DeleteObjects: 0,053163 ms)

========================================================================
Received Prepare
Registering precompiled user dll's ...
Registered in 0,000537 seconds.
Begin MonoManager ReloadAssembly
Native extension for LinuxStandalone target not found
Refreshing native plugins compatible for Editor in 0,27 ms, found 0 plugins.
Preloading 0 native plugins for Editor in 0,00 ms.
Invoked RoslynAnalysisRunner static constructor.
RoslynAnalysisRunner will not be running.
RoslynAnalysisRunner has terminated.
Mono: successfully reloaded assembly
- Completed reload, in  0,776 seconds
Platform modules already initialized, skipping
Refreshing native plugins compatible for Editor in 0,22 ms, found 0 plugins.
Preloading 0 native plugins for Editor in 0,00 ms.
Unloading 1109 Unused Serialized files (Serialized files now loaded: 0)
System memory in use before: 52,9 MB.
System memory in use after: 53,0 MB.

Unloading 5 unused Assets to reduce memory usage. Loaded Objects now: 1622.
Total: 5,132806 ms (FindLiveObjects: 0,557604 ms CreateObjectMapping: 0,180457 ms MarkObjects: 4,296060 ms  DeleteObjects: 0,094499 ms)

========================================================================
Received Prepare
Registering precompiled user dll's ...
Registered in 0,000517 seconds.
Begin MonoManager ReloadAssembly
Native extension for LinuxStandalone target not found
Refreshing native plugins compatible for Editor in 0,20 ms, found 0 plugins.
Preloading 0 native plugins for Editor in 0,00 ms.
Invoked RoslynAnalysisRunner static constructor.
RoslynAnalysisRunner will not be running.
RoslynAnalysisRunner has terminated.
Mono: successfully reloaded assembly
- Completed reload, in  0,768 seconds
Platform modules already initialized, skipping
Refreshing native plugins compatible for Editor in 0,21 ms, found 0 plugins.
Preloading 0 native plugins for Editor in 0,00 ms.
Unloading 1109 Unused Serialized files (Serialized files now loaded: 0)
System memory in use before: 52,9 MB.
System memory in use after: 53,0 MB.

Unloading 5 unused Assets to reduce memory usage. Loaded Objects now: 1625.
Total: 2,124793 ms (FindLiveObjects: 0,133983 ms CreateObjectMapping: 0,046536 ms MarkObjects: 1,898087 ms  DeleteObjects: 0,045223 ms)

========================================================================
Received Prepare
Registering precompiled user dll's ...
Registered in 0,000664 seconds.
Begin MonoManager ReloadAssembly
Native extension for LinuxStandalone target not found
Refreshing native plugins compatible for Editor in 0,35 ms, found 0 plugins.
Preloading 0 native plugins for Editor in 0,00 ms.
Invoked RoslynAnalysisRunner static constructor.
RoslynAnalysisRunner will not be running.
RoslynAnalysisRunner has terminated.
Mono: successfully reloaded assembly
- Completed reload, in  0,992 seconds
Platform modules already initialized, skipping
Refreshing native plugins compatible for Editor in 0,38 ms, found 0 plugins.
Preloading 0 native plugins for Editor in 0,00 ms.
Unloading 1109 Unused Serialized files (Serialized files now loaded: 0)
System memory in use before: 52,9 MB.
System memory in use after: 53,0 MB.

Unloading 5 unused Assets to reduce memory usage. Loaded Objects now: 1628.
Total: 3,109708 ms (FindLiveObjects: 0,237378 ms CreateObjectMapping: 0,045526 ms MarkObjects: 2,732964 ms  DeleteObjects: 0,090731 ms)

========================================================================
Received Import Request.
  Time since last request: 1773,407272 seconds.
  path: Assets/Prefabs/Bala.prefab
  artifactKey: Guid(4632fd5d27270e72492dd0feeb846537) Importer(815301076,1909f56bfc062723c751e8b465ee728b)
Start importing Assets/Prefabs/Bala.prefab using Guid(4632fd5d27270e72492dd0feeb846537) Importer(815301076,1909f56bfc062723c751e8b465ee728b)  -> (artifact id: 'd53aee07c05256e466542d1575eae28f') in 0,072712 seconds
  Import took 0,075165 seconds .

========================================================================
Received Prepare
Registering precompiled user dll's ...
Registered in 0,000741 seconds.
Begin MonoManager ReloadAssembly
Native extension for LinuxStandalone target not found
Refreshing native plugins compatible for Editor in 0,20 ms, found 0 plugins.
Preloading 0 native plugins for Editor in 0,00 ms.
Invoked RoslynAnalysisRunner static constructor.
RoslynAnalysisRunner will not be running.
RoslynAnalysisRunner has terminated.
Mono: successfully reloaded assembly
- Completed reload, in  0,760 seconds
Platform modules already initialized, skipping
Refreshing native plugins compatible for Editor in 0,19 ms, found 0 plugins.
Preloading 0 native plugins for Editor in 0,00 ms.
Unloading 1109 Unused Serialized files (Serialized files now loaded: 0)
System memory in use before: 52,9 MB.
System memory in use after: 53,0 MB.

Unloading 5 unused Assets to reduce memory usage. Loaded Objects now: 1632.
Total: 2,803381 ms (FindLiveObjects: 0,179190 ms CreateObjectMapping: 0,036690 ms MarkObjects: 2,525710 ms  DeleteObjects: 0,059838 ms)

========================================================================
Received Import Request.
  Time since last request: 543,215677 seconds.
  path: Assets/Scripts/ManagerMalo.cs
  artifactKey: Guid(4bee510983280e43f8aa73e50a8da2c2) Importer(815301076,1909f56bfc062723c751e8b465ee728b)
Start importing Assets/Scripts/ManagerMalo.cs using Guid(4bee510983280e43f8aa73e50a8da2c2) Importer(815301076,1909f56bfc062723c751e8b465ee728b)  -> (artifact id: 'f7eccc22ce9ff96600148a5d491fe8ad') in 0,004988 seconds
  Import took 0,006945 seconds .

========================================================================
Received Import Request.
  Time since last request: 0,001023 seconds.
  path: Assets/Scripts/ManagerMalo.cs
  artifactKey: Guid(4bee510983280e43f8aa73e50a8da2c2) Importer(815301076,1909f56bfc062723c751e8b465ee728b)
Start importing Assets/Scripts/ManagerMalo.cs using Guid(4bee510983280e43f8aa73e50a8da2c2) Importer(815301076,1909f56bfc062723c751e8b465ee728b)  -> (artifact id: 'f7eccc22ce9ff96600148a5d491fe8ad') in 0,001449 seconds
  Import took 0,003447 seconds .

========================================================================
Received Prepare
Registering precompiled user dll's ...
Registered in 0,000510 seconds.
Begin MonoManager ReloadAssembly
Native extension for LinuxStandalone target not found
Refreshing native plugins compatible for Editor in 0,22 ms, found 0 plugins.
Preloading 0 native plugins for Editor in 0,00 ms.
Invoked RoslynAnalysisRunner static constructor.
RoslynAnalysisRunner will not be running.
RoslynAnalysisRunner has terminated.
Mono: successfully reloaded assembly
- Completed reload, in  0,755 seconds
Platform modules already initialized, skipping
Refreshing native plugins compatible for Editor in 0,21 ms, found 0 plugins.
Preloading 0 native plugins for Editor in 0,00 ms.
Unloading 1110 Unused Serialized files (Serialized files now loaded: 0)
System memory in use before: 53,0 MB.
System memory in use after: 53,0 MB.

Unloading 5 unused Assets to reduce memory usage. Loaded Objects now: 1636.
Total: 2,235436 ms (FindLiveObjects: 0,141610 ms CreateObjectMapping: 0,035137 ms MarkObjects: 1,994580 ms  DeleteObjects: 0,062343 ms)

========================================================================
Received Import Request.
  Time since last request: 605,490274 seconds.
  path: Assets/Prefabs/Malo.prefab
  artifactKey: Guid(8ed52e50339215d5b86e34462712fd1a) Importer(815301076,1909f56bfc062723c751e8b465ee728b)
Start importing Assets/Prefabs/Malo.prefab using Guid(8ed52e50339215d5b86e34462712fd1a) Importer(815301076,1909f56bfc062723c751e8b465ee728b)  -> (artifact id: '5a5008afdf17ea7315ff40407c45d094') in 0,065167 seconds
  Import took 0,068284 seconds .

========================================================================
Received Prepare
Registering precompiled user dll's ...
Registered in 0,000541 seconds.
Begin MonoManager ReloadAssembly
Native extension for LinuxStandalone target not found
Refreshing native plugins compatible for Editor in 0,32 ms, found 0 plugins.
Preloading 0 native plugins for Editor in 0,00 ms.
Invoked RoslynAnalysisRunner static constructor.
RoslynAnalysisRunner will not be running.
RoslynAnalysisRunner has terminated.
Mono: successfully reloaded assembly
- Completed reload, in  0,940 seconds
Platform modules already initialized, skipping
Refreshing native plugins compatible for Editor in 0,24 ms, found 0 plugins.
Preloading 0 native plugins for Editor in 0,00 ms.
Unloading 1110 Unused Serialized files (Serialized files now loaded: 0)
System memory in use before: 53,0 MB.
System memory in use after: 53,0 MB.

Unloading 5 unused Assets to reduce memory usage. Loaded Objects now: 1640.
Total: 3,128027 ms (FindLiveObjects: 0,140702 ms CreateObjectMapping: 0,048173 ms MarkObjects: 2,853629 ms  DeleteObjects: 0,082743 ms)

========================================================================
Received Prepare
Registering precompiled user dll's ...
Registered in 0,000538 seconds.
Begin MonoManager ReloadAssembly
Native extension for LinuxStandalone target not found
Refreshing native plugins compatible for Editor in 0,24 ms, found 0 plugins.
Preloading 0 native plugins for Editor in 0,00 ms.
Invoked RoslynAnalysisRunner static constructor.
RoslynAnalysisRunner will not be running.
RoslynAnalysisRunner has terminated.
Mono: successfully reloaded assembly
- Completed reload, in  0,789 seconds
Platform modules already initialized, skipping
Refreshing native plugins compatible for Editor in 0,20 ms, found 0 plugins.
Preloading 0 native plugins for Editor in 0,00 ms.
Unloading 1110 Unused Serialized files (Serialized files now loaded: 0)
System memory in use before: 53,0 MB.
System memory in use after: 53,1 MB.

Unloading 5 unused Assets to reduce memory usage. Loaded Objects now: 1643.
Total: 2,274705 ms (FindLiveObjects: 0,152561 ms CreateObjectMapping: 0,033670 ms MarkObjects: 2,038298 ms  DeleteObjects: 0,048831 ms)

========================================================================
Received Prepare
Registering precompiled user dll's ...
Registered in 0,001291 seconds.
Begin MonoManager ReloadAssembly
Native extension for LinuxStandalone target not found
Refreshing native plugins compatible for Editor in 0,30 ms, found 0 plugins.
Preloading 0 native plugins for Editor in 0,00 ms.
Invoked RoslynAnalysisRunner static constructor.
RoslynAnalysisRunner will not be running.
RoslynAnalysisRunner has terminated.
Mono: successfully reloaded assembly
- Completed reload, in  0,952 seconds
Platform modules already initialized, skipping
Refreshing native plugins compatible for Editor in 0,23 ms, found 0 plugins.
Preloading 0 native plugins for Editor in 0,00 ms.
Unloading 1110 Unused Serialized files (Serialized files now loaded: 0)
System memory in use before: 53,0 MB.
System memory in use after: 53,1 MB.

Unloading 5 unused Assets to reduce memory usage. Loaded Objects now: 1646.
Total: 3,789995 ms (FindLiveObjects: 0,195733 ms CreateObjectMapping: 0,062784 ms MarkObjects: 3,353021 ms  DeleteObjects: 0,175085 ms)

========================================================================
Received Prepare
Registering precompiled user dll's ...
Registered in 0,000530 seconds.
Begin MonoManager ReloadAssembly
Native extension for LinuxStandalone target not found
Refreshing native plugins compatible for Editor in 0,22 ms, found 0 plugins.
Preloading 0 native plugins for Editor in 0,00 ms.
Invoked RoslynAnalysisRunner static constructor.
RoslynAnalysisRunner will not be running.
RoslynAnalysisRunner has terminated.
Mono: successfully reloaded assembly
- Completed reload, in  0,755 seconds
Platform modules already initialized, skipping
Refreshing native plugins compatible for Editor in 0,22 ms, found 0 plugins.
Preloading 0 native plugins for Editor in 0,00 ms.
Unloading 1110 Unused Serialized files (Serialized files now loaded: 0)
System memory in use before: 53,0 MB.
System memory in use after: 53,1 MB.

Unloading 5 unused Assets to reduce memory usage. Loaded Objects now: 1649.
Total: 2,340189 ms (FindLiveObjects: 0,162281 ms CreateObjectMapping: 0,036626 ms MarkObjects: 2,087450 ms  DeleteObjects: 0,052093 ms)

========================================================================
Received Prepare
Registering precompiled user dll's ...
Registered in 0,000560 seconds.
Begin MonoManager ReloadAssembly
Native extension for LinuxStandalone target not found
Refreshing native plugins compatible for Editor in 0,21 ms, found 0 plugins.
Preloading 0 native plugins for Editor in 0,00 ms.
Invoked RoslynAnalysisRunner static constructor.
RoslynAnalysisRunner will not be running.
RoslynAnalysisRunner has terminated.
Mono: successfully reloaded assembly
- Completed reload, in  0,758 seconds
Platform modules already initialized, skipping
Refreshing native plugins compatible for Editor in 0,27 ms, found 0 plugins.
Preloading 0 native plugins for Editor in 0,00 ms.
Unloading 1110 Unused Serialized files (Serialized files now loaded: 0)
System memory in use before: 53,0 MB.
System memory in use after: 53,1 MB.

Unloading 5 unused Assets to reduce memory usage. Loaded Objects now: 1652.
Total: 4,788918 ms (FindLiveObjects: 0,307551 ms CreateObjectMapping: 0,083988 ms MarkObjects: 4,299338 ms  DeleteObjects: 0,095226 ms)

========================================================================
Received Prepare
Registering precompiled user dll's ...
Registered in 0,000530 seconds.
Begin MonoManager ReloadAssembly
Native extension for LinuxStandalone target not found
Refreshing native plugins compatible for Editor in 0,21 ms, found 0 plugins.
Preloading 0 native plugins for Editor in 0,00 ms.
Invoked RoslynAnalysisRunner static constructor.
RoslynAnalysisRunner will not be running.
RoslynAnalysisRunner has terminated.
Mono: successfully reloaded assembly
- Completed reload, in  0,745 seconds
Platform modules already initialized, skipping
Refreshing native plugins compatible for Editor in 0,21 ms, found 0 plugins.
Preloading 0 native plugins for Editor in 0,00 ms.
Unloading 1110 Unused Serialized files (Serialized files now loaded: 0)
System memory in use before: 53,0 MB.
System memory in use after: 53,1 MB.

Unloading 5 unused Assets to reduce memory usage. Loaded Objects now: 1655.
Total: 2,256911 ms (FindLiveObjects: 0,156198 ms CreateObjectMapping: 0,031090 ms MarkObjects: 1,995126 ms  DeleteObjects: 0,073018 ms)

========================================================================
Received Prepare
Registering precompiled user dll's ...
Registered in 0,000576 seconds.
Begin MonoManager ReloadAssembly
Native extension for LinuxStandalone target not found
Refreshing native plugins compatible for Editor in 0,20 ms, found 0 plugins.
Preloading 0 native plugins for Editor in 0,00 ms.
Invoked RoslynAnalysisRunner static constructor.
RoslynAnalysisRunner will not be running.
RoslynAnalysisRunner has terminated.
Mono: successfully reloaded assembly
- Completed reload, in  0,748 seconds
Platform modules already initialized, skipping
Refreshing native plugins compatible for Editor in 0,20 ms, found 0 plugins.
Preloading 0 native plugins for Editor in 0,00 ms.
Unloading 1110 Unused Serialized files (Serialized files now loaded: 0)
System memory in use before: 53,0 MB.
System memory in use after: 53,1 MB.

Unloading 5 unused Assets to reduce memory usage. Loaded Objects now: 1658.
Total: 4,647448 ms (FindLiveObjects: 0,345979 ms CreateObjectMapping: 0,102366 ms MarkObjects: 4,100758 ms  DeleteObjects: 0,095638 ms)

========================================================================
Received Import Request.
  Time since last request: 3497,330277 seconds.
  path: Assets/Music
  artifactKey: Guid(ad2c61ca29a5ebc2585d44ca38c6f0af) Importer(815301076,1909f56bfc062723c751e8b465ee728b)
Start importing Assets/Music using Guid(ad2c61ca29a5ebc2585d44ca38c6f0af) Importer(815301076,1909f56bfc062723c751e8b465ee728b)  -> (artifact id: '4890990605f4a8a78def8e59b6569b15') in 0,004412 seconds
  Import took 0,006646 seconds .

========================================================================
Received Import Request.
  Time since last request: 0,000424 seconds.
  path: Assets/Music
  artifactKey: Guid(ad2c61ca29a5ebc2585d44ca38c6f0af) Importer(815301076,1909f56bfc062723c751e8b465ee728b)
Start importing Assets/Music using Guid(ad2c61ca29a5ebc2585d44ca38c6f0af) Importer(815301076,1909f56bfc062723c751e8b465ee728b)  -> (artifact id: '4890990605f4a8a78def8e59b6569b15') in 0,001287 seconds
  Import took 0,003834 seconds .

========================================================================
Received Import Request.
  Time since last request: 14,888961 seconds.
  path: Assets/Music/musica-Rameses-B-Bae-Bae-1.mp3
  artifactKey: Guid(cb28f6fca164ba26f88dd8af0e8399ad) Importer(815301076,1909f56bfc062723c751e8b465ee728b)
Start importing Assets/Music/musica-Rameses-B-Bae-Bae-1.mp3 using Guid(cb28f6fca164ba26f88dd8af0e8399ad) Importer(815301076,1909f56bfc062723c751e8b465ee728b)  -> (artifact id: 'dc729f7181a23be8dcce6831dd900ea7') in 0,075157 seconds
  Import took 0,077423 seconds .

========================================================================
Received Prepare
Registering precompiled user dll's ...
Registered in 0,000600 seconds.
Begin MonoManager ReloadAssembly
Native extension for LinuxStandalone target not found
Refreshing native plugins compatible for Editor in 0,24 ms, found 0 plugins.
Preloading 0 native plugins for Editor in 0,00 ms.
Invoked RoslynAnalysisRunner static constructor.
RoslynAnalysisRunner will not be running.
RoslynAnalysisRunner has terminated.
Mono: successfully reloaded assembly
- Completed reload, in  0,772 seconds
Platform modules already initialized, skipping
Refreshing native plugins compatible for Editor in 0,22 ms, found 0 plugins.
Preloading 0 native plugins for Editor in 0,00 ms.
Unloading 1110 Unused Serialized files (Serialized files now loaded: 0)
System memory in use before: 53,1 MB.
System memory in use after: 53,2 MB.

Unloading 5 unused Assets to reduce memory usage. Loaded Objects now: 1664.
Total: 7,713558 ms (FindLiveObjects: 0,550034 ms CreateObjectMapping: 0,128848 ms MarkObjects: 6,947838 ms  DeleteObjects: 0,082082 ms)

========================================================================
Received Prepare
Registering precompiled user dll's ...
Registered in 0,000546 seconds.
Begin MonoManager ReloadAssembly
Native extension for LinuxStandalone target not found
Refreshing native plugins compatible for Editor in 0,22 ms, found 0 plugins.
Preloading 0 native plugins for Editor in 0,00 ms.
Invoked RoslynAnalysisRunner static constructor.
RoslynAnalysisRunner will not be running.
RoslynAnalysisRunner has terminated.
Mono: successfully reloaded assembly
- Completed reload, in  0,775 seconds
Platform modules already initialized, skipping
Refreshing native plugins compatible for Editor in 0,19 ms, found 0 plugins.
Preloading 0 native plugins for Editor in 0,00 ms.
Unloading 1110 Unused Serialized files (Serialized files now loaded: 0)
System memory in use before: 53,1 MB.
System memory in use after: 53,2 MB.

Unloading 5 unused Assets to reduce memory usage. Loaded Objects now: 1667.
Total: 5,053987 ms (FindLiveObjects: 0,319756 ms CreateObjectMapping: 0,099255 ms MarkObjects: 4,508531 ms  DeleteObjects: 0,123335 ms)

========================================================================
Received Import Request.
  Time since last request: 423,296849 seconds.
  path: Assets/Scenes/SampleScene.unity
  artifactKey: Guid(9fc0d4010bbf28b4594072e72b8655ab) Importer(815301076,1909f56bfc062723c751e8b465ee728b)
Start importing Assets/Scenes/SampleScene.unity using Guid(9fc0d4010bbf28b4594072e72b8655ab) Importer(815301076,1909f56bfc062723c751e8b465ee728b)  -> (artifact id: '1337ddd032c2ec16f338ef9c14c0e7ef') in 0,011141 seconds
  Import took 0,013365 seconds .

========================================================================
Received Import Request.
  Time since last request: 27,684658 seconds.
  path: Assets/Scenes
  artifactKey: Guid(084ebab677791da68993ea4adb2f88bd) Importer(815301076,1909f56bfc062723c751e8b465ee728b)
Start importing Assets/Scenes using Guid(084ebab677791da68993ea4adb2f88bd) Importer(815301076,1909f56bfc062723c751e8b465ee728b)  -> (artifact id: '48740e3c546d2748644845853c0a7c79') in 0,000956 seconds
  Import took 0,003130 seconds .

========================================================================
Received Prepare
Registering precompiled user dll's ...
Registered in 0,001121 seconds.
Begin MonoManager ReloadAssembly
Native extension for LinuxStandalone target not found
Refreshing native plugins compatible for Editor in 0,32 ms, found 0 plugins.
Preloading 0 native plugins for Editor in 0,00 ms.
Invoked RoslynAnalysisRunner static constructor.
RoslynAnalysisRunner will not be running.
RoslynAnalysisRunner has terminated.
Mono: successfully reloaded assembly
- Completed reload, in  0,874 seconds
Platform modules already initialized, skipping
Refreshing native plugins compatible for Editor in 0,23 ms, found 0 plugins.
Preloading 0 native plugins for Editor in 0,00 ms.
Unloading 1110 Unused Serialized files (Serialized files now loaded: 0)
System memory in use before: 53,1 MB.
System memory in use after: 53,2 MB.

Unloading 5 unused Assets to reduce memory usage. Loaded Objects now: 1670.
Total: 2,241521 ms (FindLiveObjects: 0,173140 ms CreateObjectMapping: 0,036737 ms MarkObjects: 1,978558 ms  DeleteObjects: 0,051520 ms)

========================================================================
Received Import Request.
  Time since last request: 139,860529 seconds.
  path: Assets/Prefabs/Malo.prefab
  artifactKey: Guid(8ed52e50339215d5b86e34462712fd1a) Importer(815301076,1909f56bfc062723c751e8b465ee728b)
Start importing Assets/Prefabs/Malo.prefab using Guid(8ed52e50339215d5b86e34462712fd1a) Importer(815301076,1909f56bfc062723c751e8b465ee728b)  -> (artifact id: '96624536d88f6735dc50f1e6f65ec766') in 0,082183 seconds
  Import took 0,084546 seconds .

========================================================================
Received Import Request.
  Time since last request: 37,155816 seconds.
  path: Assets/Prefabs/Malo.prefab
  artifactKey: Guid(8ed52e50339215d5b86e34462712fd1a) Importer(815301076,1909f56bfc062723c751e8b465ee728b)
Start importing Assets/Prefabs/Malo.prefab using Guid(8ed52e50339215d5b86e34462712fd1a) Importer(815301076,1909f56bfc062723c751e8b465ee728b)  -> (artifact id: '6e9d8c4352af23c7cf846bbe826ca21a') in 0,008565 seconds
  Import took 0,012050 seconds .

========================================================================
Received Import Request.
  Time since last request: 562,465635 seconds.
  path: Assets/Free Pack/Autocannon - Shot 1.wav
  artifactKey: Guid(bb2e2714f962491428dcb0b38598b251) Importer(815301076,1909f56bfc062723c751e8b465ee728b)
Start importing Assets/Free Pack/Autocannon - Shot 1.wav using Guid(bb2e2714f962491428dcb0b38598b251) Importer(815301076,1909f56bfc062723c751e8b465ee728b)  -> (artifact id: '4c1db4e4750ecc36d837be92d1b6a674') in 0,022997 seconds
  Import took 0,027078 seconds .

========================================================================
Received Import Request.
  Time since last request: 0,000334 seconds.
  path: Assets/Free Pack/Computer explosion 6 - Alarm.wav
  artifactKey: Guid(65b3207f91d67094e87be85dbe54c89d) Importer(815301076,1909f56bfc062723c751e8b465ee728b)
Start importing Assets/Free Pack/Computer explosion 6 - Alarm.wav using Guid(65b3207f91d67094e87be85dbe54c89d) Importer(815301076,1909f56bfc062723c751e8b465ee728b)  -> (artifact id: 'da38195d1cf949226061545fe01654a2') in 0,006386 seconds
  Import took 0,009357 seconds .

========================================================================
Received Import Request.
  Time since last request: 0,000275 seconds.
  path: Assets/Free Pack/Laser Gun Salve.wav
  artifactKey: Guid(e88084c6f293c324db2b4dcf575d60dc) Importer(815301076,1909f56bfc062723c751e8b465ee728b)
Start importing Assets/Free Pack/Laser Gun Salve.wav using Guid(e88084c6f293c324db2b4dcf575d60dc) Importer(815301076,1909f56bfc062723c751e8b465ee728b)  -> (artifact id: '388a4dbb477dbf0a7f9f9073abe7b499') in 0,008061 seconds
  Import took 0,010267 seconds .

========================================================================
Received Import Request.
  Time since last request: 0,000212 seconds.
  path: Assets/Free Pack/Cavern Atmosphere - Loop.wav
  artifactKey: Guid(6d2e2db0b97a8c84e9b7aba22496d5fe) Importer(815301076,1909f56bfc062723c751e8b465ee728b)
Start importing Assets/Free Pack/Cavern Atmosphere - Loop.wav using Guid(6d2e2db0b97a8c84e9b7aba22496d5fe) Importer(815301076,1909f56bfc062723c751e8b465ee728b)  -> (artifact id: '4e5b24ac7ec623197751627485fd2b5c') in 0,005026 seconds
  Import took 0,007080 seconds .

========================================================================
Received Import Request.
  Time since last request: 0,000214 seconds.
  path: Assets/Free Pack/Explosion 8.wav
  artifactKey: Guid(d47e6ed162da1f740ad807d00f4679f3) Importer(815301076,1909f56bfc062723c751e8b465ee728b)
Start importing Assets/Free Pack/Explosion 8.wav using Guid(d47e6ed162da1f740ad807d00f4679f3) Importer(815301076,1909f56bfc062723c751e8b465ee728b)  -> (artifact id: '46365ecbc655878328ee5a91abefa5fd') in 0,007825 seconds
  Import took 0,009800 seconds .

========================================================================
Received Import Request.
  Time since last request: 0,000235 seconds.
  path: Assets/Free Pack/Magic Spell - Sleeping spell 1.wav
  artifactKey: Guid(adcac75087a17704ca6c0c3b15bc3aa5) Importer(815301076,1909f56bfc062723c751e8b465ee728b)
Start importing Assets/Free Pack/Magic Spell - Sleeping spell 1.wav using Guid(adcac75087a17704ca6c0c3b15bc3aa5) Importer(815301076,1909f56bfc062723c751e8b465ee728b)  -> (artifact id: '65ebe2a5dc61569d716d75268678545c') in 0,006257 seconds
  Import took 0,008237 seconds .

========================================================================
Received Import Request.
  Time since last request: 0,000213 seconds.
  path: Assets/Free Pack/Flare gun 5-2.wav
  artifactKey: Guid(0bd05763df902854a80475577a26666a) Importer(815301076,1909f56bfc062723c751e8b465ee728b)
Start importing Assets/Free Pack/Flare gun 5-2.wav using Guid(0bd05763df902854a80475577a26666a) Importer(815301076,1909f56bfc062723c751e8b465ee728b)  -> (artifact id: '5543ac05940121001dc3171d0e1bd274') in 0,007196 seconds
  Import took 0,009232 seconds .

========================================================================
Received Import Request.
  Time since last request: 0,000264 seconds.
  path: Assets/Free Pack/Machine Gun 1.wav
  artifactKey: Guid(d40330822ccea6140b664c0560d5022f) Importer(815301076,1909f56bfc062723c751e8b465ee728b)
Start importing Assets/Free Pack/Machine Gun 1.wav using Guid(d40330822ccea6140b664c0560d5022f) Importer(815301076,1909f56bfc062723c751e8b465ee728b)  -> (artifact id: '532456a9dbfd5c6a8185f57f7b162ca0') in 0,005322 seconds
  Import took 0,007341 seconds .

========================================================================
Received Import Request.
  Time since last request: 0,000273 seconds.
  path: Assets/Free Pack/Dragon Spit Fire 1.wav
  artifactKey: Guid(7d156b8a5b340cd46bcf0a76557dd2dd) Importer(815301076,1909f56bfc062723c751e8b465ee728b)
Start importing Assets/Free Pack/Dragon Spit Fire 1.wav using Guid(7d156b8a5b340cd46bcf0a76557dd2dd) Importer(815301076,1909f56bfc062723c751e8b465ee728b)  -> (artifact id: '18f331c3bcc1bdd2e9fd7e5d7b719fbd') in 0,007826 seconds
  Import took 0,010093 seconds .

========================================================================
Received Import Request.
  Time since last request: 0,000283 seconds.
  path: Assets/Free Pack/Hand Gun 1.wav
  artifactKey: Guid(6739c01659ad96d47987f4ddee226b36) Importer(815301076,1909f56bfc062723c751e8b465ee728b)
Start importing Assets/Free Pack/Hand Gun 1.wav using Guid(6739c01659ad96d47987f4ddee226b36) Importer(815301076,1909f56bfc062723c751e8b465ee728b)  -> (artifact id: '786a7ad8b85affe6a8fb432bdaebf7fa') in 0,005147 seconds
  Import took 0,007686 seconds .

========================================================================
Received Import Request.
  Time since last request: 0,000213 seconds.
  path: Assets/Free Pack/Bullet Impact 21.wav
  artifactKey: Guid(e11a5a019377fbd4c81caa0adcb4c236) Importer(815301076,1909f56bfc062723c751e8b465ee728b)
Start importing Assets/Free Pack/Bullet Impact 21.wav using Guid(e11a5a019377fbd4c81caa0adcb4c236) Importer(815301076,1909f56bfc062723c751e8b465ee728b)  -> (artifact id: 'b0c3b283e447e6438d76b3c9ff3b0ddf') in 0,006733 seconds
  Import took 0,009144 seconds .

========================================================================
Received Import Request.
  Time since last request: 0,000256 seconds.
  path: Assets/Free Pack/Earthquake 3 - Big.wav
  artifactKey: Guid(5ae4d298ed547ba4c88587effb75d7e1) Importer(815301076,1909f56bfc062723c751e8b465ee728b)
Start importing Assets/Free Pack/Earthquake 3 - Big.wav using Guid(5ae4d298ed547ba4c88587effb75d7e1) Importer(815301076,1909f56bfc062723c751e8b465ee728b)  -> (artifact id: 'f245ff88812d8335d3a5a876f6f8e030') in 0,006694 seconds
  Import took 0,009172 seconds .

========================================================================
Received Import Request.
  Time since last request: 0,000310 seconds.
  path: Assets/Free Pack/Chemistry reaction 3 - Big.wav
  artifactKey: Guid(4144ed0d6abcc42479fe873c54bbe0fa) Importer(815301076,1909f56bfc062723c751e8b465ee728b)
Start importing Assets/Free Pack/Chemistry reaction 3 - Big.wav using Guid(4144ed0d6abcc42479fe873c54bbe0fa) Importer(815301076,1909f56bfc062723c751e8b465ee728b)  -> (artifact id: 'e220e5ce476590553ff0034caac6dc93') in 0,006185 seconds
  Import took 0,011796 seconds .

========================================================================
Received Import Request.
  Time since last request: 0,000222 seconds.
  path: Assets/Free Pack/Hand Gun 2.wav
  artifactKey: Guid(34b439bf70b80a6409eadecc6be92d68) Importer(815301076,1909f56bfc062723c751e8b465ee728b)
Start importing Assets/Free Pack/Hand Gun 2.wav using Guid(34b439bf70b80a6409eadecc6be92d68) Importer(815301076,1909f56bfc062723c751e8b465ee728b)  -> (artifact id: '23f6eae23ed452997342b134911adb85') in 0,007737 seconds
  Import took 0,009919 seconds .

========================================================================
Received Import Request.
  Time since last request: 0,000245 seconds.
  path: Assets/Free Pack/Easy Going Medieval Tavern - Loop.wav
  artifactKey: Guid(cdfab68e200464842847522ffb19ae13) Importer(815301076,1909f56bfc062723c751e8b465ee728b)
Start importing Assets/Free Pack/Easy Going Medieval Tavern - Loop.wav using Guid(cdfab68e200464842847522ffb19ae13) Importer(815301076,1909f56bfc062723c751e8b465ee728b)  -> (artifact id: 'a86c53fee4c4969d5bbaed97a52df598') in 0,005982 seconds
  Import took 0,008270 seconds .

========================================================================
Received Import Request.
  Time since last request: 0,000245 seconds.
  path: Assets/Free Pack/Ghost Manifestation 2.wav
  artifactKey: Guid(618be86712ffac947997f96463301683) Importer(815301076,1909f56bfc062723c751e8b465ee728b)
Start importing Assets/Free Pack/Ghost Manifestation 2.wav using Guid(618be86712ffac947997f96463301683) Importer(815301076,1909f56bfc062723c751e8b465ee728b)  -> (artifact id: 'c4f46705af1cd34d98edcf24e9690df8') in 0,006433 seconds
  Import took 0,008751 seconds .

========================================================================
Received Import Request.
  Time since last request: 0,000246 seconds.
  path: Assets/Free Pack/Indiana Jones Punch.wav
  artifactKey: Guid(e1a75776f005439469f89a17a986c567) Importer(815301076,1909f56bfc062723c751e8b465ee728b)
Start importing Assets/Free Pack/Indiana Jones Punch.wav using Guid(e1a75776f005439469f89a17a986c567) Importer(815301076,1909f56bfc062723c751e8b465ee728b)  -> (artifact id: '5707f99fc9f8fcb818b42eb235531a1a') in 0,005731 seconds
  Import took 0,008305 seconds .

========================================================================
Received Import Request.
  Time since last request: 0,000257 seconds.
  path: Assets/Free Pack/Laser Multiple shots 1.wav
  artifactKey: Guid(c9bb4171cafd3dd47829336ea4c8d988) Importer(815301076,1909f56bfc062723c751e8b465ee728b)
Start importing Assets/Free Pack/Laser Multiple shots 1.wav using Guid(c9bb4171cafd3dd47829336ea4c8d988) Importer(815301076,1909f56bfc062723c751e8b465ee728b)  -> (artifact id: 'a959208ef49ea4cbd569233817afa6e7') in 0,007449 seconds
  Import took 0,010115 seconds .

========================================================================
Received Import Request.
  Time since last request: 0,000175 seconds.
  path: Assets/Free Pack/Cannon impact 9.wav
  artifactKey: Guid(5ff823f546b52574a931e1d9b44290a6) Importer(815301076,1909f56bfc062723c751e8b465ee728b)
Start importing Assets/Free Pack/Cannon impact 9.wav using Guid(5ff823f546b52574a931e1d9b44290a6) Importer(815301076,1909f56bfc062723c751e8b465ee728b)  -> (artifact id: 'bb9b2a024f7cfff9caefc87fee4732dd') in 0,005930 seconds
  Import took 0,009131 seconds .

========================================================================
Received Import Request.
  Time since last request: 0,000187 seconds.
  path: Assets/Free Pack/Heavy Object Impact 4.wav
  artifactKey: Guid(9930d5b4be15bb04c9d0a6fa0d7e6b2e) Importer(815301076,1909f56bfc062723c751e8b465ee728b)
Start importing Assets/Free Pack/Heavy Object Impact 4.wav using Guid(9930d5b4be15bb04c9d0a6fa0d7e6b2e) Importer(815301076,1909f56bfc062723c751e8b465ee728b)  -> (artifact id: '22228097887f85dd95aeb6bc3f1c1525') in 0,005349 seconds
  Import took 0,007839 seconds .

========================================================================
Received Import Request.
  Time since last request: 0,000169 seconds.
  path: Assets/Free Pack/Bullet Impacts - Multiple 1.wav
  artifactKey: Guid(0b93f9af63befa2478916a5396131fff) Importer(815301076,1909f56bfc062723c751e8b465ee728b)
Start importing Assets/Free Pack/Bullet Impacts - Multiple 1.wav using Guid(0b93f9af63befa2478916a5396131fff) Importer(815301076,1909f56bfc062723c751e8b465ee728b)  -> (artifact id: '3764f9428b0e076303a2c555050d57ff') in 0,006108 seconds
  Import took 0,008327 seconds .

========================================================================
Received Import Request.
  Time since last request: 0,000251 seconds.
  path: Assets/Free Pack/Laser Impact Light_6.wav
  artifactKey: Guid(bb6cdd13aeb95f743847b1cd460889bc) Importer(815301076,1909f56bfc062723c751e8b465ee728b)
Start importing Assets/Free Pack/Laser Impact Light_6.wav using Guid(bb6cdd13aeb95f743847b1cd460889bc) Importer(815301076,1909f56bfc062723c751e8b465ee728b)  -> (artifact id: '86b274c3a5bf08cb963d6135613c2f9e') in 0,006947 seconds
  Import took 0,009268 seconds .

========================================================================
Received Import Request.
  Time since last request: 0,000205 seconds.
  path: Assets/Free Pack/Explosion 2.wav
  artifactKey: Guid(986d6b30567e30e428f3f21373fe45ca) Importer(815301076,1909f56bfc062723c751e8b465ee728b)
Start importing Assets/Free Pack/Explosion 2.wav using Guid(986d6b30567e30e428f3f21373fe45ca) Importer(815301076,1909f56bfc062723c751e8b465ee728b)  -> (artifact id: '5f72ef332bc9df7af56ea28f7cd3953c') in 0,007850 seconds
  Import took 0,010104 seconds .

========================================================================
Received Import Request.
  Time since last request: 0,000301 seconds.
  path: Assets/Free Pack/Hand Gun 3.wav
  artifactKey: Guid(a764377339b869e459f5e53fb9258f73) Importer(815301076,1909f56bfc062723c751e8b465ee728b)
Start importing Assets/Free Pack/Hand Gun 3.wav using Guid(a764377339b869e459f5e53fb9258f73) Importer(815301076,1909f56bfc062723c751e8b465ee728b)  -> (artifact id: '306928bbfecfe2abd19d1fde191809f7') in 0,005524 seconds
  Import took 0,007722 seconds .

========================================================================
Received Import Request.
  Time since last request: 0,000285 seconds.
  path: Assets/Free Pack/Explosion 1.wav
  artifactKey: Guid(1fd31868d68903d4f9e2c4a3b7ef98f3) Importer(815301076,1909f56bfc062723c751e8b465ee728b)
Start importing Assets/Free Pack/Explosion 1.wav using Guid(1fd31868d68903d4f9e2c4a3b7ef98f3) Importer(815301076,1909f56bfc062723c751e8b465ee728b)  -> (artifact id: 'b9c5dcf5479780268d95676800999c62') in 0,007820 seconds
  Import took 0,010062 seconds .

========================================================================
Received Import Request.
  Time since last request: 0,000212 seconds.
  path: Assets/Free Pack/Hand Gun_6.wav
  artifactKey: Guid(6dd7024f00606b44eb5884197a66a893) Importer(815301076,1909f56bfc062723c751e8b465ee728b)
Start importing Assets/Free Pack/Hand Gun_6.wav using Guid(6dd7024f00606b44eb5884197a66a893) Importer(815301076,1909f56bfc062723c751e8b465ee728b)  -> (artifact id: 'ba2b147d44c4041763d6db2260fcbae8') in 0,005782 seconds
  Import took 0,008029 seconds .

========================================================================
Received Import Request.
  Time since last request: 0,000326 seconds.
  path: Assets/Free Pack/Ice Cavern-Loop.wav
  artifactKey: Guid(517dbd5357d36724c9ff71219172b9f6) Importer(815301076,1909f56bfc062723c751e8b465ee728b)
Start importing Assets/Free Pack/Ice Cavern-Loop.wav using Guid(517dbd5357d36724c9ff71219172b9f6) Importer(815301076,1909f56bfc062723c751e8b465ee728b)  -> (artifact id: '7695fc18a6cc98458030844eb935ae06') in 0,006402 seconds
  Import took 0,009288 seconds .

========================================================================
Received Import Request.
  Time since last request: 0,000312 seconds.
  path: Assets/Free Pack/Bullet Impact 14.wav
  artifactKey: Guid(75adfe9a619833445a701305b983e548) Importer(815301076,1909f56bfc062723c751e8b465ee728b)
Start importing Assets/Free Pack/Bullet Impact 14.wav using Guid(75adfe9a619833445a701305b983e548) Importer(815301076,1909f56bfc062723c751e8b465ee728b)  -> (artifact id: 'a7c755e4e05b43fd2393d8923a4d4af2') in 0,006122 seconds
  Import took 0,008868 seconds .

========================================================================
Received Import Request.
  Time since last request: 0,000428 seconds.
  path: Assets/Free Pack/Heavy Object Impact 10.wav
  artifactKey: Guid(7b69beceabbd8f24e8bc62d77ac7ca1c) Importer(815301076,1909f56bfc062723c751e8b465ee728b)
Start importing Assets/Free Pack/Heavy Object Impact 10.wav using Guid(7b69beceabbd8f24e8bc62d77ac7ca1c) Importer(815301076,1909f56bfc062723c751e8b465ee728b)  -> (artifact id: '62e781598731d8ccc14affb6d9f0ba9f') in 0,006259 seconds
  Import took 0,008633 seconds .

========================================================================
Received Import Request.
  Time since last request: 0,000265 seconds.
  path: Assets/Free Pack/Forest 6 - Ice Forest.wav
  artifactKey: Guid(f14e8bfdac498dd4f82766090b48e582) Importer(815301076,1909f56bfc062723c751e8b465ee728b)
Start importing Assets/Free Pack/Forest 6 - Ice Forest.wav using Guid(f14e8bfdac498dd4f82766090b48e582) Importer(815301076,1909f56bfc062723c751e8b465ee728b)  -> (artifact id: '4bd790efde6fe9532312a2b16f61a829') in 0,009770 seconds
  Import took 0,012163 seconds .

========================================================================
Received Import Request.
  Time since last request: 0,000316 seconds.
  path: Assets/Free Pack/Bloody punch.wav
  artifactKey: Guid(a37f44cbf8c2a7443a3c361efa2f233a) Importer(815301076,1909f56bfc062723c751e8b465ee728b)
Start importing Assets/Free Pack/Bloody punch.wav using Guid(a37f44cbf8c2a7443a3c361efa2f233a) Importer(815301076,1909f56bfc062723c751e8b465ee728b)  -> (artifact id: '0f361cd15e88f988758df48bd3d4cf05') in 0,005915 seconds
  Import took 0,008147 seconds .

========================================================================
Received Import Request.
  Time since last request: 0,000246 seconds.
  path: Assets/Free Pack/Carriage on Stone Road - Loop.wav
  artifactKey: Guid(1b46c101cacd70a4fa09545bf0d68820) Importer(815301076,1909f56bfc062723c751e8b465ee728b)
Start importing Assets/Free Pack/Carriage on Stone Road - Loop.wav using Guid(1b46c101cacd70a4fa09545bf0d68820) Importer(815301076,1909f56bfc062723c751e8b465ee728b)  -> (artifact id: '5d76bca3c42d18c61d920d1879c66b5c') in 0,006725 seconds
  Import took 0,009376 seconds .

========================================================================
Received Import Request.
  Time since last request: 0,000235 seconds.
  path: Assets/Free Pack/Ghost Manifestation 1.wav
  artifactKey: Guid(26fbf6bb6963666478f6992bc53b9145) Importer(815301076,1909f56bfc062723c751e8b465ee728b)
Start importing Assets/Free Pack/Ghost Manifestation 1.wav using Guid(26fbf6bb6963666478f6992bc53b9145) Importer(815301076,1909f56bfc062723c751e8b465ee728b)  -> (artifact id: 'eae8e83460bd88a10c76485c9654bebd') in 0,006283 seconds
  Import took 0,009026 seconds .

========================================================================
Received Import Request.
  Time since last request: 42,334475 seconds.
  path: Assets/Free Pack/Magic Spell - Turn to stone.wav
  artifactKey: Guid(5fe4bc0609c03e24097e0cb3666a4fb5) Importer(815301076,1909f56bfc062723c751e8b465ee728b)
Start importing Assets/Free Pack/Magic Spell - Turn to stone.wav using Guid(5fe4bc0609c03e24097e0cb3666a4fb5) Importer(815301076,1909f56bfc062723c751e8b465ee728b)  -> (artifact id: '41ad63397aa41333f652060a2afbfb8c') in 0,005023 seconds
  Import took 0,007050 seconds .

========================================================================
Received Import Request.
  Time since last request: 0,000319 seconds.
  path: Assets/Free Pack/Metal Impact 7.wav
  artifactKey: Guid(2e071f5b8b8467d45a5e6e24c23c6ad4) Importer(815301076,1909f56bfc062723c751e8b465ee728b)
Start importing Assets/Free Pack/Metal Impact 7.wav using Guid(2e071f5b8b8467d45a5e6e24c23c6ad4) Importer(815301076,1909f56bfc062723c751e8b465ee728b)  -> (artifact id: 'cf27a20fa2b2055fd963985a94151108') in 0,006607 seconds
  Import took 0,009031 seconds .

========================================================================
Received Import Request.
  Time since last request: 0,000319 seconds.
  path: Assets/Free Pack/Magic Spell_Short Reverse_1.wav
  artifactKey: Guid(7f4aa26d5b55226409cda231ffaf869b) Importer(815301076,1909f56bfc062723c751e8b465ee728b)
Start importing Assets/Free Pack/Magic Spell_Short Reverse_1.wav using Guid(7f4aa26d5b55226409cda231ffaf869b) Importer(815301076,1909f56bfc062723c751e8b465ee728b)  -> (artifact id: '9af6e2768ed1e9435cf6d7461a5763ed') in 0,006837 seconds
  Import took 0,008838 seconds .

========================================================================
Received Import Request.
  Time since last request: 0,000325 seconds.
  path: Assets/Free Pack/Magic Spell_Coins_2.wav
  artifactKey: Guid(34f9cbd28a9740349b6cc2f5e280dda3) Importer(815301076,1909f56bfc062723c751e8b465ee728b)
Start importing Assets/Free Pack/Magic Spell_Coins_2.wav using Guid(34f9cbd28a9740349b6cc2f5e280dda3) Importer(815301076,1909f56bfc062723c751e8b465ee728b)  -> (artifact id: '60fae5acc7160da9ec88ccff60f63ca6') in 0,008698 seconds
  Import took 0,010544 seconds .

========================================================================
Received Import Request.
  Time since last request: 0,000226 seconds.
  path: Assets/Free Pack/Metal impact 5.wav
  artifactKey: Guid(958408b32ccf3714ea02821877b0870c) Importer(815301076,1909f56bfc062723c751e8b465ee728b)
Start importing Assets/Free Pack/Metal impact 5.wav using Guid(958408b32ccf3714ea02821877b0870c) Importer(815301076,1909f56bfc062723c751e8b465ee728b)  -> (artifact id: '71dc7bcfdc606f78e2bb7831ff971070') in 0,004620 seconds
  Import took 0,006471 seconds .

========================================================================
Received Import Request.
  Time since last request: 0,000229 seconds.
  path: Assets/Free Pack/Magic Spell_Simple Swoosh_6.wav
  artifactKey: Guid(cc6699269b4c1d44ea1e860518b9bb73) Importer(815301076,1909f56bfc062723c751e8b465ee728b)
Start importing Assets/Free Pack/Magic Spell_Simple Swoosh_6.wav using Guid(cc6699269b4c1d44ea1e860518b9bb73) Importer(815301076,1909f56bfc062723c751e8b465ee728b)  -> (artifact id: 'bec470881f2d7b628c14d14fee60cab9') in 0,008379 seconds
  Import took 0,010460 seconds .

========================================================================
Received Import Request.
  Time since last request: 0,000296 seconds.
  path: Assets/Free Pack/Magic Spell_Electricity Spell_1.wav
  artifactKey: Guid(eec3bf121b316d64ca1c8aac7573a2f4) Importer(815301076,1909f56bfc062723c751e8b465ee728b)
Start importing Assets/Free Pack/Magic Spell_Electricity Spell_1.wav using Guid(eec3bf121b316d64ca1c8aac7573a2f4) Importer(815301076,1909f56bfc062723c751e8b465ee728b)  -> (artifact id: '47feddf2a3d9b13c79c605d623e82a9d') in 0,005694 seconds
  Import took 0,007698 seconds .

========================================================================
Received Import Request.
  Time since last request: 0,000280 seconds.
  path: Assets/Free Pack/Medieval City.wav
  artifactKey: Guid(c53d52b6903e77342963b7b627f126fb) Importer(815301076,1909f56bfc062723c751e8b465ee728b)
Start importing Assets/Free Pack/Medieval City.wav using Guid(c53d52b6903e77342963b7b627f126fb) Importer(815301076,1909f56bfc062723c751e8b465ee728b)  -> (artifact id: '51252650a067a9c3680e2378aa288ee0') in 0,008234 seconds
  Import took 0,010501 seconds .

========================================================================
Received Import Request.
  Time since last request: 20,056023 seconds.
  path: Assets/Free Pack/Missile - Shot 4.wav
  artifactKey: Guid(281e15cc92254794eaf05caf4d044b76) Importer(815301076,1909f56bfc062723c751e8b465ee728b)
Start importing Assets/Free Pack/Missile - Shot 4.wav using Guid(281e15cc92254794eaf05caf4d044b76) Importer(815301076,1909f56bfc062723c751e8b465ee728b)  -> (artifact id: 'bd41178d031271d162d23903213d1778') in 0,008415 seconds
  Import took 0,011558 seconds .

========================================================================
Received Import Request.
  Time since last request: 0,000367 seconds.
  path: Assets/Free Pack/Monster Bite.wav
  artifactKey: Guid(ac6034ade498bb94b87620cdf6eac48b) Importer(815301076,1909f56bfc062723c751e8b465ee728b)
Start importing Assets/Free Pack/Monster Bite.wav using Guid(ac6034ade498bb94b87620cdf6eac48b) Importer(815301076,1909f56bfc062723c751e8b465ee728b)  -> (artifact id: 'aa6f328a43bf6e87cd11578a030bf0c5') in 0,006954 seconds
  Import took 0,009612 seconds .

========================================================================
Received Import Request.
  Time since last request: 0,000359 seconds.
  path: Assets/Free Pack/Secret door.wav
  artifactKey: Guid(070779cdcfbe3ff4688691fb33bc3e4e) Importer(815301076,1909f56bfc062723c751e8b465ee728b)
Start importing Assets/Free Pack/Secret door.wav using Guid(070779cdcfbe3ff4688691fb33bc3e4e) Importer(815301076,1909f56bfc062723c751e8b465ee728b) ./Editor/Platform/Linux/TempStubs.cpp:PlatformImageForIconForExtension
./Editor/Platform/Linux/TempStubs.cpp:PlatformImageForIconForExtension
./Editor/Platform/Linux/TempStubs.cpp:PlatformImageForIconForExtension
./Editor/Platform/Linux/TempStubs.cpp:PlatformImageForIconForExtension
./Editor/Platform/Linux/TempStubs.cpp:PlatformImageForIconForExtension
./Editor/Platform/Linux/TempStubs.cpp:PlatformImageForIconForExtension
./Editor/Platform/Linux/TempStubs.cpp:PlatformImageForIconForExtension
./Editor/Platform/Linux/TempStubs.cpp:PlatformImageForIconForExtension
./Editor/Platform/Linux/TempStubs.cpp:PlatformImageForIconForExtension
./Editor/Platform/Linux/TempStubs.cpp:PlatformImageForIconForExtension
./Editor/Platform/Linux/TempStubs.cpp:PlatformImageForIconForExtension
./Editor/Platform/Linux/TempStubs.cpp:PlatformImageForIconForExtension
./Editor/Platform/Linux/TempStubs.cpp:PlatformImageForIconForExtension
./Editor/Platform/Linux/TempStubs.cpp:PlatformImageForIconForExtension
./Editor/Platform/Linux/TempStubs.cpp:PlatformImageForIconForExtension
./Editor/Platform/Linux/TempStubs.cpp:PlatformImageForIconForExtension
./Editor/Platform/Linux/TempStubs.cpp:PlatformImageForIconForExtension
./Editor/Platform/Linux/TempStubs.cpp:PlatformImageForIconForExtension
./Editor/Platform/Linux/TempStubs.cpp:PlatformImageForIconForExtension
./Editor/Platform/Linux/TempStubs.cpp:PlatformImageForIconForExtension
./Editor/Platform/Linux/TempStubs.cpp:PlatformImageForIconForExtension
./Editor/Platform/Linux/TempStubs.cpp:PlatformImageForIconForExtension
./Editor/Platform/Linux/TempStubs.cpp:PlatformImageForIconForExtension
./Editor/Platform/Linux/TempStubs.cpp:PlatformImageForIconForExtension
./Editor/Platform/Linux/TempStubs.cpp:PlatformImageForIconForExtension
./Editor/Platform/Linux/TempStubs.cpp:PlatformImageForIconForExtension
./Editor/Platform/Linux/TempStubs.cpp:PlatformImageForIconForExtension
./Editor/Platform/Linux/TempStubs.cpp:PlatformImageForIconForExtension
./Editor/Platform/Linux/TempStubs.cpp:PlatformImageForIconForExtension
./Editor/Platform/Linux/TempStubs.cpp:PlatformImageForIconForExtension
./Editor/Platform/Linux/TempStubs.cpp:PlatformImageForIconForExtension
./Editor/Platform/Linux/TempStubs.cpp:PlatformImageForIconForExtension
./Editor/Platform/Linux/TempStubs.cpp:PlatformImageForIconForExtension
./Editor/Platform/Linux/TempStubs.cpp:PlatformImageForIconForExtension
./Editor/Platform/Linux/TempStubs.cpp:PlatformImageForIconForExtension
./Editor/Platform/Linux/TempStubs.cpp:PlatformImageForIconForExtension
./Editor/Platform/Linux/TempStubs.cpp:PlatformImageForIconForExtension
./Editor/Platform/Linux/TempStubs.cpp:PlatformImageForIconForExtension
./Editor/Platform/Linux/TempStubs.cpp:PlatformImageForIconForExtension
./Editor/Platform/Linux/TempStubs.cpp:PlatformImageForIconForExtension
./Editor/Platform/Linux/TempStubs.cpp:PlatformImageForIconForExtension
./Editor/Platform/Linux/TempStubs.cpp:PlatformImageForIconForExtension
./Editor/Platform/Linux/TempStubs.cpp:PlatformImageForIconForExtension
./Editor/Platform/Linux/TempStubs.cpp:PlatformImageForIconForExtension
./Editor/Platform/Linux/TempStubs.cpp:PlatformImageForIconForExtension
./Editor/Platform/Linux/TempStubs.cpp:PlatformImageForIconForExtension
./Editor/Platform/Linux/TempStubs.cpp:PlatformImageForIconForExtension
./Editor/Platform/Linux/TempStubs.cpp:PlatformImageForIconForExtension
./Editor/Platform/Linux/TempStubs.cpp:PlatformImageForIconForExtension
./Editor/Platform/Linux/TempStubs.cpp:PlatformImageForIconForExtension
./Editor/Platform/Linux/TempStubs.cpp:PlatformImageForIconForExtension
./Editor/Platform/Linux/TempStubs.cpp:PlatformImageForIconForExtension
./Editor/Platform/Linux/TempStubs.cpp:PlatformImageForIconForExtension
./Editor/Platform/Linux/TempStubs.cpp:PlatformImageForIconForExtension
./Editor/Platform/Linux/TempStubs.cpp:PlatformImageForIconForExtension
./Editor/Platform/Linux/TempStubs.cpp:PlatformImageForIconForExtension
./Editor/Platform/Linux/TempStubs.cpp:PlatformImageForIconForExtension
./Editor/Platform/Linux/TempStubs.cpp:PlatformIma -> (artifact id: 'f5633c4d697a25b85725a26f86adcad9') in 0,008147 seconds
  Import took 0,010830 seconds .

========================================================================
Received Import Request.
  Time since last request: 0,000309 seconds.
  path: Assets/Free Pack/Monster Bite on Armor.wav
  artifactKey: Guid(8ebcb6234d419344daa712ba65bb3798) Importer(815301076,1909f56bfc062723c751e8b465ee728b)
Start importing Assets/Free Pack/Monster Bite on Armor.wav using Guid(8ebcb6234d419344daa712ba65bb3798) Importer(815301076,1909f56bfc062723c751e8b465ee728b)  -> (artifact id: '132aa2031a6ec0354898c6f336f280be') in 0,008652 seconds
  Import took 0,010733 seconds .

========================================================================
Received Import Request.
  Time since last request: 0,000280 seconds.
  path: Assets/Free Pack/Spaceship passing by.wav
  artifactKey: Guid(7784e7ab59ab376458c07be56b1a8d6f) Importer(815301076,1909f56bfc062723c751e8b465ee728b)
Start importing Assets/Free Pack/Spaceship passing by.wav using Guid(7784e7ab59ab376458c07be56b1a8d6f) Importer(815301076,1909f56bfc062723c751e8b465ee728b)  -> (artifact id: 'a740ce9c627bb39c8492c59b9a3c46d4') in 0,004719 seconds
  Import took 0,006652 seconds .

========================================================================
Received Import Request.
  Time since last request: 0,000229 seconds.
  path: Assets/Free Pack/Row Boat - Loop.wav
  artifactKey: Guid(78542e76d4c24a745bc1bb599adb55df) Importer(815301076,1909f56bfc062723c751e8b465ee728b)
Start importing Assets/Free Pack/Row Boat - Loop.wav using Guid(78542e76d4c24a745bc1bb599adb55df) Importer(815301076,1909f56bfc062723c751e8b465ee728b)  -> (artifact id: 'ba1ce7d34174da6885de11c2bceae02c') in 0,005469 seconds
  Import took 0,007419 seconds .

========================================================================
Received Import Request.
  Time since last request: 0,000239 seconds.
  path: Assets/Free Pack/Thunder strikes 30 second- Loop.wav
  artifactKey: Guid(7dc48ac47b618424f8d032a339525809) Importer(815301076,1909f56bfc062723c751e8b465ee728b)
Start importing Assets/Free Pack/Thunder strikes 30 second- Loop.wav using Guid(7dc48ac47b618424f8d032a339525809) Importer(815301076,1909f56bfc062723c751e8b465ee728b)  -> (artifact id: '70beadfa7159e2161a15c0bdfa508c2a') in 0,005816 seconds
  Import took 0,007912 seconds .

========================================================================
Received Import Request.
  Time since last request: 0,000285 seconds.
  path: Assets/Free Pack/Railgun - Shot 6.wav
  artifactKey: Guid(f9eb44b85c96be5429737d4dcadbfa3b) Importer(815301076,1909f56bfc062723c751e8b465ee728b)
Start importing Assets/Free Pack/Railgun - Shot 6.wav using Guid(f9eb44b85c96be5429737d4dcadbfa3b) Importer(815301076,1909f56bfc062723c751e8b465ee728b)  -> (artifact id: '95cb35063098a72e72bb0128ca1c7308') in 0,005381 seconds
  Import took 0,008334 seconds .

========================================================================
Received Import Request.
  Time since last request: 0,007272 seconds.
  path: Assets/Free Pack/Tsunami hitting a Large City.wav
  artifactKey: Guid(40ab3a7e4e36423488e589303d63346f) Importer(815301076,1909f56bfc062723c751e8b465ee728b)
Start importing Assets/Free Pack/Tsunami hitting a Large City.wav using Guid(40ab3a7e4e36423488e589303d63346f) Importer(815301076,1909f56bfc062723c751e8b465ee728b)  -> (artifact id: 'feb791e39def27966c403d0ab2b241fa') in 0,005513 seconds
  Import took 0,008528 seconds .

========================================================================
Received Import Request.
  Time since last request: 0,000339 seconds.
  path: Assets/Free Pack/Walking in ChainMail - Loop.wav
  artifactKey: Guid(9b713c76b05f8b04882a23a60605b0d2) Importer(815301076,1909f56bfc062723c751e8b465ee728b)
Start importing Assets/Free Pack/Walking in ChainMail - Loop.wav using Guid(9b713c76b05f8b04882a23a60605b0d2) Importer(815301076,1909f56bfc062723c751e8b465ee728b)  -> (artifact id: 'eafcf3d46136b59cfb45b8f3467faf30') in 0,004964 seconds
  Import took 0,007206 seconds .

========================================================================
Received Import Request.
  Time since last request: 70,669827 seconds.
  path: Assets/Materiales/New Material 1.mat
  artifactKey: Guid(63dfb6b6bd9a3dc77ad81edeb1844618) Importer(815301076,1909f56bfc062723c751e8b465ee728b)
Start importing Assets/Materiales/New Material 1.mat using Guid(63dfb6b6bd9a3dc77ad81edeb1844618) Importer(815301076,1909f56bfc062723c751e8b465ee728b)  -> (artifact id: '92ef0d10ef6870f077789d89bae137ce') in 0,054511 seconds
  Import took 0,058590 seconds .

========================================================================
Received Import Request.
  Time since last request: 0,000286 seconds.
  path: Assets/Materiales/New Material 3.mat
  artifactKey: Guid(c6fc804f9a8ab42879152e636f9336c9) Importer(815301076,1909f56bfc062723c751e8b465ee728b)
Start importing Assets/Materiales/New Material 3.mat using Guid(c6fc804f9a8ab42879152e636f9336c9) Importer(815301076,1909f56bfc062723c751e8b465ee728b)  -> (artifact id: '36533c409a39a0d2875d651938a5c527') in 0,006613 seconds
  Import took 0,008652 seconds .

========================================================================
Received Import Request.
  Time since last request: 0,000343 seconds.
  path: Assets/Materiales/New Material 1.mat
  artifactKey: Guid(63dfb6b6bd9a3dc77ad81edeb1844618) Importer(815301076,1909f56bfc062723c751e8b465ee728b)
Start importing Assets/Materiales/New Material 1.mat using Guid(63dfb6b6bd9a3dc77ad81edeb1844618) Importer(815301076,1909f56bfc062723c751e8b465ee728b)  -> (artifact id: '92ef0d10ef6870f077789d89bae137ce') in 0,006314 seconds
  Import took 0,008573 seconds .

========================================================================
Received Import Request.
  Time since last request: 0,000346 seconds.
  path: Assets/Materiales/New Material 3.mat
  artifactKey: Guid(c6fc804f9a8ab42879152e636f9336c9) Importer(815301076,1909f56bfc062723c751e8b465ee728b)
Start importing Assets/Materiales/New Material 3.mat using Guid(c6fc804f9a8ab42879152e636f9336c9) Importer(815301076,1909f56bfc062723c751e8b465ee728b)  -> (artifact id: '36533c409a39a0d2875d651938a5c527') in 0,007341 seconds
  Import took 0,009781 seconds .

========================================================================
Received Import Request.
  Time since last request: 77,254995 seconds.
  path: Assets/Prefabs/Malo.prefab
  artifactKey: Guid(8ed52e50339215d5b86e34462712fd1a) Importer(815301076,1909f56bfc062723c751e8b465ee728b)
Start importing Assets/Prefabs/Malo.prefab using Guid(8ed52e50339215d5b86e34462712fd1a) Importer(815301076,1909f56bfc062723c751e8b465ee728b)  -> (artifact id: 'a32a27bfc291f896830ceab749ac4b19') in 0,007804 seconds
  Import took 0,010104 seconds .

========================================================================
Received Prepare
Registering precompiled user dll's ...
Registered in 0,000832 seconds.
Begin MonoManager ReloadAssembly
Native extension for LinuxStandalone target not found
Refreshing native plugins compatible for Editor in 0,32 ms, found 0 plugins.
Preloading 0 native plugins for Editor in 0,00 ms.
Invoked RoslynAnalysisRunner static constructor.
RoslynAnalysisRunner will not be running.
RoslynAnalysisRunner has terminated.
Mono: successfully reloaded assembly
- Completed reload, in  0,844 seconds
Platform modules already initialized, skipping
Refreshing native plugins compatible for Editor in 0,20 ms, found 0 plugins.
Preloading 0 native plugins for Editor in 0,00 ms.
Unloading 1110 Unused Serialized files (Serialized files now loaded: 0)
System memory in use before: 53,2 MB.
System memory in use after: 53,3 MB.

Unloading 5 unused Assets to reduce memory usage. Loaded Objects now: 1674.
Total: 2,286487 ms (FindLiveObjects: 0,158782 ms CreateObjectMapping: 0,035898 ms MarkObjects: 2,038631 ms  DeleteObjects: 0,050970 ms)

========================================================================
Received Import Request.
  Time since last request: 188,549762 seconds.
  path: Assets/Prefabs/Malo.prefab
  artifactKey: Guid(8ed52e50339215d5b86e34462712fd1a) Importer(815301076,1909f56bfc062723c751e8b465ee728b)
Start importing Assets/Prefabs/Malo.prefab using Guid(8ed52e50339215d5b86e34462712fd1a) Importer(815301076,1909f56bfc062723c751e8b465ee728b)  -> (artifact id: 'a601313c0977707c27a646415240d98d') in 0,062692 seconds
  Import took 0,064643 seconds .

========================================================================
Received Prepare
Registering precompiled user dll's ...
Registered in 0,000550 seconds.
Begin MonoManager ReloadAssembly
Native extension for LinuxStandalone target not found
Refreshing native plugins compatible for Editor in 0,21 ms, found 0 plugins.
Preloading 0 native plugins for Editor in 0,00 ms.
Invoked RoslynAnalysisRunner static constructor.
RoslynAnalysisRunner will not be running.
RoslynAnalysisRunner has terminated.
Mono: successfully reloaded assembly
- Completed reload, in  0,762 seconds
Platform modules already initialized, skipping
Refreshing native plugins compatible for Editor in 0,20 ms, found 0 plugins.
Preloading 0 native plugins for Editor in 0,00 ms.
Unloading 1110 Unused Serialized files (Serialized files now loaded: 0)
System memory in use before: 53,1 MB.
System memory in use after: 53,2 MB.

Unloading 5 unused Assets to reduce memory usage. Loaded Objects now: 1678.
Total: 4,266853 ms (FindLiveObjects: 0,266690 ms CreateObjectMapping: 0,075847 ms MarkObjects: 3,843556 ms  DeleteObjects: 0,078072 ms)

========================================================================
Received Prepare
Registering precompiled user dll's ...
Registered in 0,000569 seconds.
Begin MonoManager ReloadAssembly
Native extension for LinuxStandalone target not found
Refreshing native plugins compatible for Editor in 0,23 ms, found 0 plugins.
Preloading 0 native plugins for Editor in 0,00 ms.
Invoked RoslynAnalysisRunner static constructor.
RoslynAnalysisRunner will not be running.
RoslynAnalysisRunner has terminated.
Mono: successfully reloaded assembly
- Completed reload, in  0,834 seconds
Platform modules already initialized, skipping
Refreshing native plugins compatible for Editor in 0,39 ms, found 0 plugins.
Preloading 0 native plugins for Editor in 0,00 ms.
Unloading 1110 Unused Serialized files (Serialized files now loaded: 0)
System memory in use before: 53,1 MB.
System memory in use after: 53,2 MB.

Unloading 5 unused Assets to reduce memory usage. Loaded Objects now: 1681.
Total: 2,464119 ms (FindLiveObjects: 0,195797 ms CreateObjectMapping: 0,037234 ms MarkObjects: 2,174942 ms  DeleteObjects: 0,054136 ms)

========================================================================
Received Prepare
Registering precompiled user dll's ...
Registered in 0,004041 seconds.
Begin MonoManager ReloadAssembly
Native extension for LinuxStandalone target not found
Refreshing native plugins compatible for Editor in 0,25 ms, found 0 plugins.
Preloading 0 native plugins for Editor in 0,00 ms.
Invoked RoslynAnalysisRunner static constructor.
RoslynAnalysisRunner will not be running.
RoslynAnalysisRunner has terminated.
Mono: successfully reloaded assembly
- Completed reload, in  0,810 seconds
Platform modules already initialized, skipping
Refreshing native plugins compatible for Editor in 0,19 ms, found 0 plugins.
Preloading 0 native plugins for Editor in 0,00 ms.
Unloading 1110 Unused Serialized files (Serialized files now loaded: 0)
System memory in use before: 53,1 MB.
System memory in use after: 53,2 MB.

Unloading 5 unused Assets to reduce memory usage. Loaded Objects now: 1684.
Total: 2,317840 ms (FindLiveObjects: 0,160349 ms CreateObjectMapping: 0,048499 ms MarkObjects: 2,056205 ms  DeleteObjects: 0,051022 ms)

========================================================================
Received Import Request.
  Time since last request: 415,662690 seconds.
  path: Assets/Free Pack
  artifactKey: Guid(38ea8324b35a6992aae603a6a246a4b6) Importer(815301076,1909f56bfc062723c751e8b465ee728b)
Start importing Assets/Free Pack using Guid(38ea8324b35a6992aae603a6a246a4b6) Importer(815301076,1909f56bfc062723c751e8b465ee728b)  -> (artifact id: '341c34ae3dc81fe0431ec11604fe0985') in 0,003280 seconds
  Import took 0,005863 seconds .

========================================================================
Received Import Request.
  Time since last request: 0,000357 seconds.
  path: Assets/Free Pack
  artifactKey: Guid(38ea8324b35a6992aae603a6a246a4b6) Importer(815301076,1909f56bfc062723c751e8b465ee728b)
Start importing Assets/Free Pack using Guid(38ea8324b35a6992aae603a6a246a4b6) Importer(815301076,1909f56bfc062723c751e8b465ee728b)  -> (artifact id: '341c34ae3dc81fe0431ec11604fe0985') in 0,000938 seconds
  Import took 0,003764 seconds .

========================================================================
Received Import Request.
  Time since last request: 32,488388 seconds.
  path: Assets/Free Pack/Sonido_destruido.prefab
  artifactKey: Guid(33d339690fbc0abb8b5078185f3da975) Importer(815301076,1909f56bfc062723c751e8b465ee728b)
Start importing Assets/Free Pack/Sonido_destruido.prefab using Guid(33d339690fbc0abb8b5078185f3da975) Importer(815301076,1909f56bfc062723c751e8b465ee728b)  -> (artifact id: '95dc99f34d16915e841c403f5da39766') in 0,027011 seconds
  Import took 0,029953 seconds .

========================================================================
Received Import Request.
  Time since last request: 0,003305 seconds.
  path: Assets/Free Pack/Sonido_destruido.prefab
  artifactKey: Guid(33d339690fbc0abb8b5078185f3da975) Importer(815301076,1909f56bfc062723c751e8b465ee728b)
Start importing Assets/Free Pack/Sonido_destruido.prefab using Guid(33d339690fbc0abb8b5078185f3da975) Importer(815301076,1909f56bfc062723c751e8b465ee728b)  -> (artifact id: '95dc99f34d16915e841c403f5da39766') in 0,002202 seconds
  Import took 0,004447 seconds .

========================================================================
Received Import Request.
  Time since last request: 13,716198 seconds.
  path: Assets/Prefabs/Sonido_destruido.prefab
  artifactKey: Guid(385353a2dee753c548a9a89decc1c9b3) Importer(815301076,1909f56bfc062723c751e8b465ee728b)
Start importing Assets/Prefabs/Sonido_destruido.prefab using Guid(385353a2dee753c548a9a89decc1c9b3) Importer(815301076,1909f56bfc062723c751e8b465ee728b)  -> (artifact id: 'fcf35d1077bedc49d39b34c632d2e7f6') in 0,003593 seconds
  Import took 0,006769 seconds .

========================================================================
Received Import Request.
  Time since last request: 0,003415 seconds.
  path: Assets/Prefabs/Sonido_destruido.prefab
  artifactKey: Guid(385353a2dee753c548a9a89decc1c9b3) Importer(815301076,1909f56bfc062723c751e8b465ee728b)
Start importing Assets/Prefabs/Sonido_destruido.prefab using Guid(385353a2dee753c548a9a89decc1c9b3) Importer(815301076,1909f56bfc062723c751e8b465ee728b)  -> (artifact id: 'fcf35d1077bedc49d39b34c632d2e7f6') in 0,002741 seconds
  Import took 0,005407 seconds .

========================================================================
Received Prepare
Registering precompiled user dll's ...
Registered in 0,000516 seconds.
Begin MonoManager ReloadAssembly
Native extension for LinuxStandalone target not found
Refreshing native plugins compatible for Editor in 0,23 ms, found 0 plugins.
Preloading 0 native plugins for Editor in 0,00 ms.
Invoked RoslynAnalysisRunner static constructor.
RoslynAnalysisRunner will not be running.
RoslynAnalysisRunner has terminated.
Mono: successfully reloaded assembly
- Completed reload, in  0,764 seconds
Platform modules already initialized, skipping
Refreshing native plugins compatible for Editor in 0,21 ms, found 0 plugins.
Preloading 0 native plugins for Editor in 0,00 ms.
Unloading 1110 Unused Serialized files (Serialized files now loaded: 0)
System memory in use before: 53,2 MB.
System memory in use after: 53,2 MB.

Unloading 5 unused Assets to reduce memory usage. Loaded Objects now: 1687.
Total: 2,306146 ms (FindLiveObjects: 0,169468 ms CreateObjectMapping: 0,036387 ms MarkObjects: 2,042209 ms  DeleteObjects: 0,051908 ms)

========================================================================
Received Import Request.
  Time since last request: 112,599364 seconds.
  path: Assets/Prefabs/Malo.prefab
  artifactKey: Guid(8ed52e50339215d5b86e34462712fd1a) Importer(815301076,1909f56bfc062723c751e8b465ee728b)
Start importing Assets/Prefabs/Malo.prefab using Guid(8ed52e50339215d5b86e34462712fd1a) Importer(815301076,1909f56bfc062723c751e8b465ee728b)  -> (artifact id: '75c4148b1a76a9e1a451a5602052f115') in 0,067251 seconds
  Import took 0,069239 seconds .

========================================================================
Received Import Request.
  Time since last request: 2,737071 seconds.
  path: Assets/Prefabs/Sonido_destruido.prefab
  artifactKey: Guid(385353a2dee753c548a9a89decc1c9b3) Importer(815301076,1909f56bfc062723c751e8b465ee728b)
Start importing Assets/Prefabs/Sonido_destruido.prefab using Guid(385353a2dee753c548a9a89decc1c9b3) Importer(815301076,1909f56bfc062723c751e8b465ee728b)  -> (artifact id: '137702db135c835e3e9a45d42d4f0112') in 0,002764 seconds
  Import took 0,004848 seconds .

========================================================================
Received Prepare
Registering precompiled user dll's ...
Registered in 0,000529 seconds.
Begin MonoManager ReloadAssembly
Native extension for LinuxStandalone target not found
Refreshing native plugins compatible for Editor in 0,20 ms, found 0 plugins.
Preloading 0 native plugins for Editor in 0,00 ms.
Invoked RoslynAnalysisRunner static constructor.
RoslynAnalysisRunner will not be running.
RoslynAnalysisRunner has terminated.
Mono: successfully reloaded assembly
- Completed reload, in  0,794 seconds
Platform modules already initialized, skipping
Refreshing native plugins compatible for Editor in 0,21 ms, found 0 plugins.
Preloading 0 native plugins for Editor in 0,00 ms.
Unloading 1110 Unused Serialized files (Serialized files now loaded: 0)
System memory in use before: 53,2 MB.
System memory in use after: 53,3 MB.

Unloading 5 unused Assets to reduce memory usage. Loaded Objects now: 1691.
Total: 2,543364 ms (FindLiveObjects: 0,170145 ms CreateObjectMapping: 0,038880 ms MarkObjects: 2,267444 ms  DeleteObjects: 0,065195 ms)

========================================================================
Received Import Request.
  Time since last request: 31,406588 seconds.
  path: Assets/Prefabs/Sonido_destruido.prefab
  artifactKey: Guid(385353a2dee753c548a9a89decc1c9b3) Importer(815301076,1909f56bfc062723c751e8b465ee728b)
Start importing Assets/Prefabs/Sonido_destruido.prefab using Guid(385353a2dee753c548a9a89decc1c9b3) Importer(815301076,1909f56bfc062723c751e8b465ee728b)  -> (artifact id: '504a2804f2762e65f7ba2b0b08f99854') in 0,024987 seconds
  Import took 0,027065 seconds .

========================================================================
Received Prepare
Registering precompiled user dll's ...
Registered in 0,000573 seconds.
Begin MonoManager ReloadAssembly
Native extension for LinuxStandalone target not found
Refreshing native plugins compatible for Editor in 0,20 ms, found 0 plugins.
Preloading 0 native plugins for Editor in 0,00 ms.
Invoked RoslynAnalysisRunner static constructor.
RoslynAnalysisRunner will not be running.
RoslynAnalysisRunner has terminated.
Mono: successfully reloaded assembly
- Completed reload, in  0,782 seconds
Platform modules already initialized, skipping
Refreshing native plugins compatible for Editor in 0,20 ms, found 0 plugins.
Preloading 0 native plugins for Editor in 0,00 ms.
Unloading 1110 Unused Serialized files (Serialized files now loaded: 0)
System memory in use before: 53,2 MB.
System memory in use after: 53,3 MB.

Unloading 5 unused Assets to reduce memory usage. Loaded Objects now: 1694.
Total: 2,241328 ms (FindLiveObjects: 0,163802 ms CreateObjectMapping: 0,035014 ms MarkObjects: 1,993428 ms  DeleteObjects: 0,047989 ms)

========================================================================
Received Import Request.
  Time since last request: 51,366025 seconds.
  path: Assets/Prefabs/Malo.prefab
  artifactKey: Guid(8ed52e50339215d5b86e34462712fd1a) Importer(815301076,1909f56bfc062723c751e8b465ee728b)
Start importing Assets/Prefabs/Malo.prefab using Guid(8ed52e50339215d5b86e34462712fd1a) Importer(815301076,1909f56bfc062723c751e8b465ee728b)  -> (artifact id: 'd19c0de075e32ae3a2f33833219a23bc') in 0,070898 seconds
  Import took 0,073047 seconds .

========================================================================
Received Prepare
Registering precompiled user dll's ...
Registered in 0,000539 seconds.
Begin MonoManager ReloadAssembly
Native extension for LinuxStandalone target not found
Refreshing native plugins compatible for Editor in 0,20 ms, found 0 plugins.
Preloading 0 native plugins for Editor in 0,00 ms.
Invoked RoslynAnalysisRunner static constructor.
RoslynAnalysisRunner will not be running.
RoslynAnalysisRunner has terminated.
Mono: successfully reloaded assembly
- Completed reload, in  0,760 seconds
Platform modules already initialized, skipping
Refreshing native plugins compatible for Editor in 0,28 ms, found 0 plugins.
Preloading 0 native plugins for Editor in 0,00 ms.
Unloading 1110 Unused Serialized files (Serialized files now loaded: 0)
System memory in use before: 53,2 MB.
System memory in use after: 53,3 MB.

Unloading 5 unused Assets to reduce memory usage. Loaded Objects now: 1698.
Total: 2,323853 ms (FindLiveObjects: 0,160452 ms CreateObjectMapping: 0,036248 ms MarkObjects: 2,077033 ms  DeleteObjects: 0,049045 ms)

========================================================================
Received Import Request.
  Time since last request: 34,160214 seconds.
  path: Assets/Prefabs/Sonido_destruido.prefab
  artifactKey: Guid(385353a2dee753c548a9a89decc1c9b3) Importer(815301076,1909f56bfc062723c751e8b465ee728b)
Start importing Assets/Prefabs/Sonido_destruido.prefab using Guid(385353a2dee753c548a9a89decc1c9b3) Importer(815301076,1909f56bfc062723c751e8b465ee728b)  -> (artifact id: '02940e77089f19621e058d9d31d9b23c') in 0,022609 seconds
  Import took 0,024702 seconds .

========================================================================
Received Import Request.
  Time since last request: 1,912283 seconds.
  path: Assets/Prefabs/Sonido_destruido.prefab
  artifactKey: Guid(385353a2dee753c548a9a89decc1c9b3) Importer(815301076,1909f56bfc062723c751e8b465ee728b)
Start importing Assets/Prefabs/Sonido_destruido.prefab using Guid(385353a2dee753c548a9a89decc1c9b3) Importer(815301076,1909f56bfc062723c751e8b465ee728b)  -> (artifact id: '02940e77089f19621e058d9d31d9b23c') in 0,001857 seconds
  Import took 0,003834 seconds .

========================================================================
Received Prepare
Registering precompiled user dll's ...
Registered in 0,000545 seconds.
Begin MonoManager ReloadAssembly
Native extension for LinuxStandalone target not found
Refreshing native plugins compatible for Editor in 0,21 ms, found 0 plugins.
Preloading 0 native plugins for Editor in 0,00 ms.
Invoked RoslynAnalysisRunner static constructor.
RoslynAnalysisRunner will not be running.
RoslynAnalysisRunner has terminated.
Mono: successfully reloaded assembly
- Completed reload, in  0,753 seconds
Platform modules already initialized, skipping
Refreshing native plugins compatible for Editor in 0,19 ms, found 0 plugins.
Preloading 0 native plugins for Editor in 0,00 ms.
Unloading 1110 Unused Serialized files (Serialized files now loaded: 0)
System memory in use before: 53,2 MB.
System memory in use after: 53,3 MB.

Unloading 5 unused Assets to reduce memory usage. Loaded Objects now: 1701.
Total: 4,552735 ms (FindLiveObjects: 0,338723 ms CreateObjectMapping: 0,087362 ms MarkObjects: 4,049334 ms  DeleteObjects: 0,074716 ms)

========================================================================
Received Prepare
Registering precompiled user dll's ...
Registered in 0,000719 seconds.
Begin MonoManager ReloadAssembly
Native extension for LinuxStandalone target not found
Refreshing native plugins compatible for Editor in 0,21 ms, found 0 plugins.
Preloading 0 native plugins for Editor in 0,00 ms.
Invoked RoslynAnalysisRunner static constructor.
RoslynAnalysisRunner will not be running.
RoslynAnalysisRunner has terminated.
Mono: successfully reloaded assembly
- Completed reload, in  0,754 seconds
Platform modules already initialized, skipping
Refreshing native plugins compatible for Editor in 0,19 ms, found 0 plugins.
Preloading 0 native plugins for Editor in 0,00 ms.
Unloading 1110 Unused Serialized files (Serialized files now loaded: 0)
System memory in use before: 53,2 MB.
System memory in use after: 53,3 MB.

Unloading 5 unused Assets to reduce memory usage. Loaded Objects now: 1704.
Total: 5,553551 ms (FindLiveObjects: 0,404740 ms CreateObjectMapping: 0,116264 ms MarkObjects: 4,931470 ms  DeleteObjects: 0,097681 ms)

========================================================================
Received Prepare
Registering precompiled user dll's ...
Registered in 0,000533 seconds.
Begin MonoManager ReloadAssembly
Native extension for LinuxStandalone target not found
Refreshing native plugins compatible for Editor in 0,31 ms, found 0 plugins.
Preloading 0 native plugins for Editor in 0,00 ms.
Invoked RoslynAnalysisRunner static constructor.
RoslynAnalysisRunner will not be running.
RoslynAnalysisRunner has terminated.
Mono: successfully reloaded assembly
- Completed reload, in  0,822 seconds
Platform modules already initialized, skipping
Refreshing native plugins compatible for Editor in 0,20 ms, found 0 plugins.
Preloading 0 native plugins for Editor in 0,00 ms.
Unloading 1110 Unused Serialized files (Serialized files now loaded: 0)
System memory in use before: 53,2 MB.
System memory in use after: 53,3 MB.

Unloading 5 unused Assets to reduce memory usage. Loaded Objects now: 1707.
Total: 2,315143 ms (FindLiveObjects: 0,145894 ms CreateObjectMapping: 0,035794 ms MarkObjects: 2,075358 ms  DeleteObjects: 0,056721 ms)

AssetImportWorkerClient::OnTransportError - code=2 error=End of file
